This is pdfTeX, Version 3.14159265-2.6-1.40.21 (TeX Live 2020/Debian) (preloaded format=pdflatex 2021.11.4)  4 NOV 2021 07:52
entering extended mode
 restricted \write18 enabled.
 %&-line parsing enabled.
**MariaDBTools.tex
(./MariaDBTools.tex
LaTeX2e <2020-10-01> patch level 4
L3 programming layer <2021-01-09> xparse <2020-03-03> (./sphinxmanual.cls
Document Class: sphinxmanual 2019/12/01 v2.3.0 Document class (Sphinx manual)
(/usr/share/texlive/texmf-dist/tex/latex/base/report.cls
Document Class: report 2020/04/10 v1.4m Standard LaTeX document class
(/usr/share/texlive/texmf-dist/tex/latex/base/size10.clo
File: size10.clo 2020/04/10 v1.4m Standard LaTeX file (size option)
)
\c@part=\count177
\c@chapter=\count178
\c@section=\count179
\c@subsection=\count180
\c@subsubsection=\count181
\c@paragraph=\count182
\c@subparagraph=\count183
\c@figure=\count184
\c@table=\count185
\abovecaptionskip=\skip47
\belowcaptionskip=\skip48
\bibindent=\dimen138
)
LaTeX Info: Redefining \and on input line 35.
)
(/usr/share/texlive/texmf-dist/tex/latex/base/inputenc.sty
Package: inputenc 2020/08/01 v1.3d Input encoding file
\inpenc@prehook=\toks15
\inpenc@posthook=\toks16
)
   defining Unicode char U+00A0 (decimal 160)
   defining Unicode char U+2500 (decimal 9472)
   defining Unicode char U+2502 (decimal 9474)
   defining Unicode char U+2514 (decimal 9492)
   defining Unicode char U+251C (decimal 9500)
   defining Unicode char U+2572 (decimal 9586)

(/usr/share/texlive/texmf-dist/tex/latex/cmap/cmap.sty
Package: cmap 2021/02/04 v1.0j CMap support: searchable PDF
)
(/usr/share/texlive/texmf-dist/tex/latex/base/fontenc.sty
Package: fontenc 2020/08/10 v2.0s Standard LaTeX package
<<t1.cmap>>)
(/usr/share/texlive/texmf-dist/tex/latex/amsmath/amsmath.sty
Package: amsmath 2020/09/23 v2.17i AMS math features
\@mathmargin=\skip49

For additional information on amsmath, use the `?' option.
(/usr/share/texlive/texmf-dist/tex/latex/amsmath/amstext.sty
Package: amstext 2000/06/29 v2.01 AMS text

(/usr/share/texlive/texmf-dist/tex/latex/amsmath/amsgen.sty
File: amsgen.sty 1999/11/30 v2.0 generic functions
\@emptytoks=\toks17
\ex@=\dimen139
))
(/usr/share/texlive/texmf-dist/tex/latex/amsmath/amsbsy.sty
Package: amsbsy 1999/11/29 v1.2d Bold Symbols
\pmbraise@=\dimen140
)
(/usr/share/texlive/texmf-dist/tex/latex/amsmath/amsopn.sty
Package: amsopn 2016/03/08 v2.02 operator names
)
\inf@bad=\count186
LaTeX Info: Redefining \frac on input line 234.
\uproot@=\count187
\leftroot@=\count188
LaTeX Info: Redefining \overline on input line 399.
\classnum@=\count189
\DOTSCASE@=\count190
LaTeX Info: Redefining \ldots on input line 496.
LaTeX Info: Redefining \dots on input line 499.
LaTeX Info: Redefining \cdots on input line 620.
\Mathstrutbox@=\box47
\strutbox@=\box48
\big@size=\dimen141
LaTeX Font Info:    Redeclaring font encoding OML on input line 743.
LaTeX Font Info:    Redeclaring font encoding OMS on input line 744.
\macc@depth=\count191
\c@MaxMatrixCols=\count192
\dotsspace@=\muskip16
\c@parentequation=\count193
\dspbrk@lvl=\count194
\tag@help=\toks18
\row@=\count195
\column@=\count196
\maxfields@=\count197
\andhelp@=\toks19
\eqnshift@=\dimen142
\alignsep@=\dimen143
\tagshift@=\dimen144
\tagwidth@=\dimen145
\totwidth@=\dimen146
\lineht@=\dimen147
\@envbody=\toks20
\multlinegap=\skip50
\multlinetaggap=\skip51
\mathdisplay@stack=\toks21
LaTeX Info: Redefining \[ on input line 2923.
LaTeX Info: Redefining \] on input line 2924.
)
(/usr/share/texlive/texmf-dist/tex/latex/amsfonts/amssymb.sty
Package: amssymb 2013/01/14 v3.01 AMS font symbols

(/usr/share/texlive/texmf-dist/tex/latex/amsfonts/amsfonts.sty
Package: amsfonts 2013/01/14 v3.01 Basic AMSFonts support
\symAMSa=\mathgroup4
\symAMSb=\mathgroup5
LaTeX Font Info:    Redeclaring math symbol \hbar on input line 98.
LaTeX Font Info:    Overwriting math alphabet `\mathfrak' in version `bold'
(Font)                  U/euf/m/n --> U/euf/b/n on input line 106.
))
(/usr/share/texlive/texmf-dist/tex/generic/babel/babel.sty
Package: babel 2021/01/26 3.53 The Babel package

(/usr/share/texlive/texmf-dist/tex/generic/babel/babel.def
File: babel.def 2021/01/26 3.53 Babel common definitions
\babel@savecnt=\count198
\U@D=\dimen148
\l@babelnohyphens=\language3

(/usr/share/texlive/texmf-dist/tex/generic/babel/txtbabel.def)
\bbl@readstream=\read2
)
\bbl@dirlevel=\count199

(/usr/share/texlive/texmf-dist/tex/generic/babel-english/english.ldf
Language: english 2017/06/06 v3.3r English support from the babel system
Package babel Info: \l@british = using hyphenrules for english
(babel)             (\language0) on input line 82.
Package babel Info: \l@UKenglish = using hyphenrules for english
(babel)             (\language0) on input line 83.
Package babel Info: \l@canadian = using hyphenrules for english
(babel)             (\language0) on input line 102.
Package babel Info: \l@australian = using hyphenrules for english
(babel)             (\language0) on input line 105.
Package babel Info: \l@newzealand = using hyphenrules for english
(babel)             (\language0) on input line 108.
))
(/usr/share/texlive/texmf-dist/tex/latex/psnfss/times.sty
Package: times 2020/03/25 PSNFSS-v9.3 (SPQR) 
)
(/usr/share/texlive/texmf-dist/tex/latex/fncychap/fncychap.sty
Package: fncychap 2007/07/30 v1.34 LaTeX package (Revised chapters)
\RW=\skip52
\mylen=\skip53
\myhi=\skip54
\px=\skip55
\py=\skip56
\pyy=\skip57
\pxx=\skip58
\c@AlphaCnt=\count266
\c@AlphaDecCnt=\count267
) (./sphinx.sty
Package: sphinx 2019/09/02 v2.3.0 LaTeX package (Sphinx markup)

(/usr/share/texlive/texmf-dist/tex/generic/ltxcmds/ltxcmds.sty
Package: ltxcmds 2020-05-10 v1.25 LaTeX kernel commands for general use (HO)
)
(/usr/share/texlive/texmf-dist/tex/latex/graphics/graphicx.sty
Package: graphicx 2020/09/09 v1.2b Enhanced LaTeX Graphics (DPC,SPQR)

(/usr/share/texlive/texmf-dist/tex/latex/graphics/keyval.sty
Package: keyval 2014/10/28 v1.15 key=value parser (DPC)
\KV@toks@=\toks22
)
(/usr/share/texlive/texmf-dist/tex/latex/graphics/graphics.sty
Package: graphics 2020/08/30 v1.4c Standard LaTeX Graphics (DPC,SPQR)

(/usr/share/texlive/texmf-dist/tex/latex/graphics/trig.sty
Package: trig 2016/01/03 v1.10 sin cos tan (DPC)
)
(/usr/share/texlive/texmf-dist/tex/latex/graphics-cfg/graphics.cfg
File: graphics.cfg 2016/06/04 v1.11 sample graphics configuration
)
Package graphics Info: Driver file: pdftex.def on input line 105.

(/usr/share/texlive/texmf-dist/tex/latex/graphics-def/pdftex.def
File: pdftex.def 2020/10/05 v1.2a Graphics/color driver for pdftex
))
\Gin@req@height=\dimen149
\Gin@req@width=\dimen150
)
(/usr/share/texlive/texmf-dist/tex/latex/fancyhdr/fancyhdr.sty
Package: fancyhdr 2021/01/04 v4.0 Extensive control of page headers and footers

\f@nch@headwidth=\skip59
\f@nch@O@elh=\skip60
\f@nch@O@erh=\skip61
\f@nch@O@olh=\skip62
\f@nch@O@orh=\skip63
\f@nch@O@elf=\skip64
\f@nch@O@erf=\skip65
\f@nch@O@olf=\skip66
\f@nch@O@orf=\skip67
)
(/usr/share/texlive/texmf-dist/tex/latex/base/textcomp.sty
Package: textcomp 2020/02/02 v2.0n Standard LaTeX package
)
(/usr/share/texlive/texmf-dist/tex/latex/titlesec/titlesec.sty
Package: titlesec 2019/10/16 v2.13 Sectioning titles
\ttl@box=\box49
\beforetitleunit=\skip68
\aftertitleunit=\skip69
\ttl@plus=\dimen151
\ttl@minus=\dimen152
\ttl@toksa=\toks23
\titlewidth=\dimen153
\titlewidthlast=\dimen154
\titlewidthfirst=\dimen155
)
(/usr/share/texlive/texmf-dist/tex/latex/tabulary/tabulary.sty
Package: tabulary 2014/06/11 v0.10 tabulary package (DPC)

(/usr/share/texlive/texmf-dist/tex/latex/tools/array.sty
Package: array 2020/10/01 v2.5c Tabular extension package (FMi)
\col@sep=\dimen156
\ar@mcellbox=\box50
\extrarowheight=\dimen157
\NC@list=\toks24
\extratabsurround=\skip70
\backup@length=\skip71
\ar@cellbox=\box51
)
\TY@count=\count268
\TY@linewidth=\dimen158
\tymin=\dimen159
\tymax=\dimen160
\TY@tablewidth=\dimen161
)
(/usr/share/texlive/texmf-dist/tex/latex/tools/longtable.sty
Package: longtable 2020/01/07 v4.13 Multi-page Table package (DPC)
\LTleft=\skip72
\LTright=\skip73
\LTpre=\skip74
\LTpost=\skip75
\LTchunksize=\count269
\LTcapwidth=\dimen162
\LT@head=\box52
\LT@firsthead=\box53
\LT@foot=\box54
\LT@lastfoot=\box55
\LT@cols=\count270
\LT@rows=\count271
\c@LT@tables=\count272
\c@LT@chunks=\count273
\LT@p@ftn=\toks25
)
(/usr/share/texlive/texmf-dist/tex/latex/varwidth/varwidth.sty
Package: varwidth 2009/03/30 ver 0.92;  Variable-width minipages
\@vwid@box=\box56
\sift@deathcycles=\count274
\@vwid@loff=\dimen163
\@vwid@roff=\dimen164
)
(./sphinxmulticell.sty
Package: sphinxmulticell 2017/02/23 v1.6 better span rows and columns of a tabl
e (Sphinx team)
\sphinx@TY@tablewidth=\dimen165
)
(/usr/share/texlive/texmf-dist/tex/latex/base/makeidx.sty
Package: makeidx 2014/09/29 v1.0m Standard LaTeX package
)
(/usr/share/texlive/texmf-dist/tex/latex/framed/framed.sty
Package: framed 2011/10/22 v 0.96: framed or shaded text with page breaks
\OuterFrameSep=\skip76
\fb@frw=\dimen166
\fb@frh=\dimen167
\FrameRule=\dimen168
\FrameSep=\dimen169
)
(/usr/share/texlive/texmf-dist/tex/latex/xcolor/xcolor.sty
Package: xcolor 2016/05/11 v2.12 LaTeX color extensions (UK)

(/usr/share/texlive/texmf-dist/tex/latex/graphics-cfg/color.cfg
File: color.cfg 2016/01/02 v1.6 sample color configuration
)
Package xcolor Info: Driver file: pdftex.def on input line 225.
Package xcolor Info: Model `cmy' substituted by `cmy0' on input line 1348.
Package xcolor Info: Model `hsb' substituted by `rgb' on input line 1352.
Package xcolor Info: Model `RGB' extended on input line 1364.
Package xcolor Info: Model `HTML' substituted by `rgb' on input line 1366.
Package xcolor Info: Model `Hsb' substituted by `hsb' on input line 1367.
Package xcolor Info: Model `tHsb' substituted by `hsb' on input line 1368.
Package xcolor Info: Model `HSB' substituted by `hsb' on input line 1369.
Package xcolor Info: Model `Gray' substituted by `gray' on input line 1370.
Package xcolor Info: Model `wave' substituted by `hsb' on input line 1371.
)
(/usr/share/texlive/texmf-dist/tex/latex/fancyvrb/fancyvrb.sty
Package: fancyvrb 2021/01/20 v3.7 verbatim text (tvz,hv)
\FV@CodeLineNo=\count275
\FV@InFile=\read3
\FV@TabBox=\box57
\c@FancyVerbLine=\count276
\FV@StepNumber=\count277
\FV@OutFile=\write3
)
(./footnotehyper-sphinx.sty
Package: footnotehyper-sphinx 2017/10/27 v1.7 hyperref aware footnote.sty for s
phinx (JFB)
\FNH@notes=\box58
\FNH@width=\dimen170
)
(/usr/share/texlive/texmf-dist/tex/latex/float/float.sty
Package: float 2001/11/08 v1.3d Float enhancements (AL)
\c@float@type=\count278
\float@exts=\toks26
\float@box=\box59
\@float@everytoks=\toks27
\@floatcapt=\box60
)
(/usr/share/texlive/texmf-dist/tex/latex/wrapfig/wrapfig.sty
\wrapoverhang=\dimen171
\WF@size=\dimen172
\c@WF@wrappedlines=\count279
\WF@box=\box61
\WF@everypar=\toks28
Package: wrapfig 2003/01/31  v 3.6
)
(/usr/share/texlive/texmf-dist/tex/latex/parskip/parskip.sty
Rollback for package 'parskip' requested -> version 'v1'.
         This corresponds to the release introduced on 2001-04-09.

(/usr/share/texlive/texmf-dist/tex/latex/parskip/parskip-2001-04-09.sty
Package: parskip 2001/04/09 non-zero parskip adjustments
))
(/usr/share/texlive/texmf-dist/tex/latex/base/alltt.sty
Package: alltt 1997/06/16 v2.0g defines alltt environment
)
(/usr/share/texlive/texmf-dist/tex/latex/upquote/upquote.sty
Package: upquote 2012/04/19 v1.3 upright-quote and grave-accent glyphs in verba
tim
)
(/usr/share/texlive/texmf-dist/tex/latex/capt-of/capt-of.sty
Package: capt-of 2009/12/29 v0.2 standard captions outside of floats
)
(/usr/share/texlive/texmf-dist/tex/latex/needspace/needspace.sty
Package: needspace 2010/09/12 v1.3d reserve vertical space
)
(./sphinxhighlight.sty
Package: sphinxhighlight 2016/05/29 stylesheet for highlighting with pygments
)
(/usr/share/texlive/texmf-dist/tex/latex/kvoptions/kvoptions.sty
Package: kvoptions 2020-10-07 v3.14 Key value format for package options (HO)

(/usr/share/texlive/texmf-dist/tex/generic/kvsetkeys/kvsetkeys.sty
Package: kvsetkeys 2019/12/15 v1.18 Key value parser (HO)
))
\sphinxverbatimsep=\dimen173
\sphinxverbatimborder=\dimen174
\sphinxshadowsep=\dimen175
\sphinxshadowsize=\dimen176
\sphinxshadowrule=\dimen177
\spx@notice@border=\dimen178
\spx@image@maxheight=\dimen179
\spx@image@box=\dimen180
\c@literalblock=\count280
\sphinxcontinuationbox=\box62
\sphinxvisiblespacebox=\box63
\sphinxVerbatim@TitleBox=\box64
\sphinxVerbatim@ContentsBox=\box65
\py@argswidth=\skip77
\lineblockindentation=\skip78
\DUlineblockindent=\skip79
)
(/usr/share/texlive/texmf-dist/tex/latex/geometry/geometry.sty
Package: geometry 2020/01/02 v5.9 Page Geometry

(/usr/share/texlive/texmf-dist/tex/generic/iftex/ifvtex.sty
Package: ifvtex 2019/10/25 v1.7 ifvtex legacy package. Use iftex instead.

(/usr/share/texlive/texmf-dist/tex/generic/iftex/iftex.sty
Package: iftex 2020/03/06 v1.0d TeX engine tests
))
\Gm@cnth=\count281
\Gm@cntv=\count282
\c@Gm@tempcnt=\count283
\Gm@bindingoffset=\dimen181
\Gm@wd@mp=\dimen182
\Gm@odd@mp=\dimen183
\Gm@even@mp=\dimen184
\Gm@layoutwidth=\dimen185
\Gm@layoutheight=\dimen186
\Gm@layouthoffset=\dimen187
\Gm@layoutvoffset=\dimen188
\Gm@dimlist=\toks29
)
(/usr/share/texlive/texmf-dist/tex/latex/hyperref/hyperref.sty
Package: hyperref 2020-05-15 v7.00e Hypertext links for LaTeX

(/usr/share/texlive/texmf-dist/tex/generic/pdftexcmds/pdftexcmds.sty
Package: pdftexcmds 2020-06-27 v0.33 Utility functions of pdfTeX for LuaTeX (HO
)

(/usr/share/texlive/texmf-dist/tex/generic/infwarerr/infwarerr.sty
Package: infwarerr 2019/12/03 v1.5 Providing info/warning/error messages (HO)
)
Package pdftexcmds Info: \pdf@primitive is available.
Package pdftexcmds Info: \pdf@ifprimitive is available.
Package pdftexcmds Info: \pdfdraftmode found.
)
(/usr/share/texlive/texmf-dist/tex/generic/kvdefinekeys/kvdefinekeys.sty
Package: kvdefinekeys 2019-12-19 v1.6 Define keys (HO)
)
(/usr/share/texlive/texmf-dist/tex/generic/pdfescape/pdfescape.sty
Package: pdfescape 2019/12/09 v1.15 Implements pdfTeX's escape features (HO)
)
(/usr/share/texlive/texmf-dist/tex/latex/hycolor/hycolor.sty
Package: hycolor 2020-01-27 v1.10 Color options for hyperref/bookmark (HO)
)
(/usr/share/texlive/texmf-dist/tex/latex/letltxmacro/letltxmacro.sty
Package: letltxmacro 2019/12/03 v1.6 Let assignment for LaTeX macros (HO)
)
(/usr/share/texlive/texmf-dist/tex/latex/auxhook/auxhook.sty
Package: auxhook 2019-12-17 v1.6 Hooks for auxiliary files (HO)
)
\@linkdim=\dimen189
\Hy@linkcounter=\count284
\Hy@pagecounter=\count285

(/usr/share/texlive/texmf-dist/tex/latex/hyperref/pd1enc.def
File: pd1enc.def 2020-05-15 v7.00e Hyperref: PDFDocEncoding definition (HO)
Now handling font encoding PD1 ...
... no UTF-8 mapping file for font encoding PD1
)
(/usr/share/texlive/texmf-dist/tex/generic/intcalc/intcalc.sty
Package: intcalc 2019/12/15 v1.3 Expandable calculations with integers (HO)
)
(/usr/share/texlive/texmf-dist/tex/generic/etexcmds/etexcmds.sty
Package: etexcmds 2019/12/15 v1.7 Avoid name clashes with e-TeX commands (HO)
)
\Hy@SavedSpaceFactor=\count286
Package hyperref Info: Option `unicode' set `true' on input line 4338.

(/usr/share/texlive/texmf-dist/tex/latex/hyperref/puenc.def
File: puenc.def 2020-05-15 v7.00e Hyperref: PDF Unicode definition (HO)
Now handling font encoding PU ...
... no UTF-8 mapping file for font encoding PU
)
Package hyperref Info: Option `colorlinks' set `true' on input line 4338.
Package hyperref Info: Option `breaklinks' set `true' on input line 4338.
Package hyperref Info: Hyper figures OFF on input line 4464.
Package hyperref Info: Link nesting OFF on input line 4469.
Package hyperref Info: Hyper index ON on input line 4472.
Package hyperref Info: Plain pages OFF on input line 4479.
Package hyperref Info: Backreferencing OFF on input line 4484.
Package hyperref Info: Implicit mode ON; LaTeX internals redefined.
Package hyperref Info: Bookmarks ON on input line 4717.
\c@Hy@tempcnt=\count287

(/usr/share/texlive/texmf-dist/tex/latex/url/url.sty
\Urlmuskip=\muskip17
Package: url 2013/09/16  ver 3.4  Verb mode for urls, etc.
)
LaTeX Info: Redefining \url on input line 5076.
\XeTeXLinkMargin=\dimen190

(/usr/share/texlive/texmf-dist/tex/generic/bitset/bitset.sty
Package: bitset 2019/12/09 v1.3 Handle bit-vector datatype (HO)

(/usr/share/texlive/texmf-dist/tex/generic/bigintcalc/bigintcalc.sty
Package: bigintcalc 2019/12/15 v1.5 Expandable calculations on big integers (HO
)
))
\Fld@menulength=\count288
\Field@Width=\dimen191
\Fld@charsize=\dimen192
Package hyperref Info: Hyper figures OFF on input line 6347.
Package hyperref Info: Link nesting OFF on input line 6352.
Package hyperref Info: Hyper index ON on input line 6355.
Package hyperref Info: backreferencing OFF on input line 6362.
Package hyperref Info: Link coloring ON on input line 6365.
Package hyperref Info: Link coloring with OCG OFF on input line 6372.
Package hyperref Info: PDF/A mode OFF on input line 6377.
LaTeX Info: Redefining \ref on input line 6417.
LaTeX Info: Redefining \pageref on input line 6421.

(/usr/share/texlive/texmf-dist/tex/latex/base/atbegshi-ltx.sty
Package: atbegshi-ltx 2020/08/17 v1.0a Emulation of the original atbegshi packa
ge
with kernel methods
)
\Hy@abspage=\count289
\c@Item=\count290
\c@Hfootnote=\count291
)
Package hyperref Info: Driver (autodetected): hpdftex.

(/usr/share/texlive/texmf-dist/tex/latex/hyperref/hpdftex.def
File: hpdftex.def 2020-05-15 v7.00e Hyperref driver for pdfTeX

(/usr/share/texlive/texmf-dist/tex/latex/base/atveryend-ltx.sty
Package: atveryend-ltx 2020/08/19 v1.0a Emulation of the original atvery packag
e
with kernel methods
)
\Fld@listcount=\count292
\c@bookmark@seq@number=\count293

(/usr/share/texlive/texmf-dist/tex/latex/rerunfilecheck/rerunfilecheck.sty
Package: rerunfilecheck 2019/12/05 v1.9 Rerun checks for auxiliary files (HO)

(/usr/share/texlive/texmf-dist/tex/generic/uniquecounter/uniquecounter.sty
Package: uniquecounter 2019/12/15 v1.4 Provide unlimited unique counter (HO)
)
Package uniquecounter Info: New unique counter `rerunfilecheck' on input line 2
86.
)
\Hy@SectionHShift=\skip80
)
(/usr/share/texlive/texmf-dist/tex/latex/oberdiek/hypcap.sty
Package: hypcap 2016/05/16 v1.12 Adjusting the anchors of captions (HO)
)
(./sphinxmessages.sty
Package: sphinxmessages 2019/01/04 v2.0 Localized LaTeX macros (Sphinx team)
)
\@indexfile=\write4
\openout4 = `MariaDBTools.idx'.


Writing index file MariaDBTools.idx
LaTeX Font Info:    Trying to load font information for T1+ptm on input line 82
.
(/usr/share/texlive/texmf-dist/tex/latex/psnfss/t1ptm.fd
File: t1ptm.fd 2001/06/04 font definitions for T1/ptm.
)
(/usr/share/texlive/texmf-dist/tex/latex/l3backend/l3backend-pdftex.def
File: l3backend-pdftex.def 2020-01-29 L3 backend support: PDF output (pdfTeX)
\l__color_backend_stack_int=\count294
\l__pdf_internal_box=\box66
)
(./MariaDBTools.aux)
\openout1 = `MariaDBTools.aux'.

LaTeX Font Info:    Checking defaults for OML/cmm/m/it on input line 82.
LaTeX Font Info:    ... okay on input line 82.
LaTeX Font Info:    Checking defaults for OMS/cmsy/m/n on input line 82.
LaTeX Font Info:    ... okay on input line 82.
LaTeX Font Info:    Checking defaults for OT1/cmr/m/n on input line 82.
LaTeX Font Info:    ... okay on input line 82.
LaTeX Font Info:    Checking defaults for T1/cmr/m/n on input line 82.
LaTeX Font Info:    ... okay on input line 82.
LaTeX Font Info:    Checking defaults for TS1/cmr/m/n on input line 82.
LaTeX Font Info:    ... okay on input line 82.
LaTeX Font Info:    Checking defaults for OMX/cmex/m/n on input line 82.
LaTeX Font Info:    ... okay on input line 82.
LaTeX Font Info:    Checking defaults for U/cmr/m/n on input line 82.
LaTeX Font Info:    ... okay on input line 82.
LaTeX Font Info:    Checking defaults for PD1/pdf/m/n on input line 82.
LaTeX Font Info:    ... okay on input line 82.
LaTeX Font Info:    Checking defaults for PU/pdf/m/n on input line 82.
LaTeX Font Info:    ... okay on input line 82.

(/usr/share/texlive/texmf-dist/tex/context/base/mkii/supp-pdf.mkii
[Loading MPS to PDF converter (version 2006.09.02).]
\scratchcounter=\count295
\scratchdimen=\dimen193
\scratchbox=\box67
\nofMPsegments=\count296
\nofMParguments=\count297
\everyMPshowfont=\toks30
\MPscratchCnt=\count298
\MPscratchDim=\dimen194
\MPnumerator=\count299
\makeMPintoPDFobject=\count300
\everyMPtoPDFconversion=\toks31
) (/usr/share/texlive/texmf-dist/tex/latex/epstopdf-pkg/epstopdf-base.sty
Package: epstopdf-base 2020-01-24 v2.11 Base part for package epstopdf
Package epstopdf-base Info: Redefining graphics rule for `.eps' on input line 4
85.

(/usr/share/texlive/texmf-dist/tex/latex/latexconfig/epstopdf-sys.cfg
File: epstopdf-sys.cfg 2010/07/13 v1.3 Configuration of (r)epstopdf for TeX Liv
e
))
*geometry* driver: auto-detecting
*geometry* detected driver: pdftex
*geometry* verbose mode - [ preamble ] result:
* driver: pdftex
* paper: letterpaper
* layout: <same size as paper>
* layoutoffset:(h,v)=(0.0pt,0.0pt)
* modes: twoside 
* h-part:(L,W,R)=(72.26999pt, 469.75502pt, 72.26999pt)
* v-part:(T,H,B)=(72.26999pt, 650.43001pt, 72.26999pt)
* \paperwidth=614.295pt
* \paperheight=794.96999pt
* \textwidth=469.75502pt
* \textheight=650.43001pt
* \oddsidemargin=0.0pt
* \evensidemargin=0.0pt
* \topmargin=-37.0pt
* \headheight=12.0pt
* \headsep=25.0pt
* \topskip=10.0pt
* \footskip=30.0pt
* \marginparwidth=36.135pt
* \marginparsep=11.0pt
* \columnsep=10.0pt
* \skip\footins=9.0pt plus 4.0pt minus 2.0pt
* \hoffset=0.0pt
* \voffset=0.0pt
* \mag=1000
* \@twocolumnfalse
* \@twosidetrue
* \@mparswitchtrue
* \@reversemarginfalse
* (1in=72.27pt=25.4mm, 1cm=28.453pt)

Package hyperref Info: Link coloring ON on input line 82.
(/usr/share/texlive/texmf-dist/tex/latex/hyperref/nameref.sty
Package: nameref 2019/09/16 v2.46 Cross-referencing by name of section

(/usr/share/texlive/texmf-dist/tex/latex/refcount/refcount.sty
Package: refcount 2019/12/15 v3.6 Data extraction from label references (HO)
)
(/usr/share/texlive/texmf-dist/tex/generic/gettitlestring/gettitlestring.sty
Package: gettitlestring 2019/12/15 v1.6 Cleanup title references (HO)
)
\c@section@level=\count301
)
LaTeX Info: Redefining \ref on input line 82.
LaTeX Info: Redefining \pageref on input line 82.
LaTeX Info: Redefining \nameref on input line 82.

(./MariaDBTools.out) (./MariaDBTools.out)
\@outlinefile=\write5
\openout5 = `MariaDBTools.out'.

Package hyperref Info: Option `pageanchor' set `false' on input line 85.
<mariadb-logo.jpg, id=21, 1227.58624pt x 1227.58624pt>
LaTeX Font Info:    Trying to load font information for T1+pcr on input line 85
.

(/usr/share/texlive/texmf-dist/tex/latex/psnfss/t1pcr.fd
File: t1pcr.fd 2001/06/04 font definitions for T1/pcr.
)
File: mariadb-logo.jpg Graphic file (type jpg)
<use mariadb-logo.jpg>
Package pdftex.def Info: mariadb-logo.jpg  used on input line 85.
(pdftex.def)             Requested size: 469.74689pt x 469.74689pt.
LaTeX Font Info:    Trying to load font information for T1+phv on input line 85
.

(/usr/share/texlive/texmf-dist/tex/latex/psnfss/t1phv.fd
File: t1phv.fd 2020/03/25 scalable font definitions for T1/phv.
)
LaTeX Font Info:    Font shape `T1/phv/b/it' in size <10> not available
(Font)              Font shape `T1/phv/b/sl' tried instead on input line 85.
LaTeX Font Info:    Font shape `T1/phv/b/it' in size <17.28> not available
(Font)              Font shape `T1/phv/b/sl' tried instead on input line 85.
<<ot1.cmap>><<oml.cmap>><<oms.cmap>><<omx.cmap>>
LaTeX Font Info:    Trying to load font information for U+msa on input line 85.


(/usr/share/texlive/texmf-dist/tex/latex/amsfonts/umsa.fd
File: umsa.fd 2013/01/14 v3.01 AMS symbols A
)
LaTeX Font Info:    Trying to load font information for U+msb on input line 85.


(/usr/share/texlive/texmf-dist/tex/latex/amsfonts/umsb.fd
File: umsb.fd 2013/01/14 v3.01 AMS symbols B
) [1

{/var/lib/texmf/fonts/map/pdftex/updmap/pdftex.map} <./mariadb-logo.jpg>] [2


] (./MariaDBTools.toc)
\tf@toc=\write6
\openout6 = `MariaDBTools.toc'.

 [1

] [2

] [1] [2

] [3] [4]
Chapter 1.
LaTeX Font Info:    Trying to load font information for TS1+ptm on input line 1
17.
(/usr/share/texlive/texmf-dist/tex/latex/psnfss/ts1ptm.fd
File: ts1ptm.fd 2001/06/04 font definitions for TS1/ptm.
) [5

] [6] [7

] [8]
Chapter 2.
[9

] [10]

Package textcomp Warning: Symbol \textasciigrave not provided by
(textcomp)                font family ptm in TS1 encoding.
(textcomp)                Default family used instead on input line 330.


Package textcomp Warning: Symbol \textasciigrave not provided by
(textcomp)                font family ptm in TS1 encoding.
(textcomp)                Default family used instead on input line 330.

[11] [12

]
Chapter 3.
LaTeX Font Info:    Trying to load font information for TS1+pcr on input line 3
71.
(/usr/share/texlive/texmf-dist/tex/latex/psnfss/ts1pcr.fd
File: ts1pcr.fd 2001/06/04 font definitions for TS1/pcr.
) [13]
LaTeX Font Info:    Font shape `T1/pcr/m/it' in size <10> not available
(Font)              Font shape `T1/pcr/m/sl' tried instead on input line 419.
 [14] [15]
[16]
LaTeX Font Info:    Font shape `T1/pcr/b/it' in size <10> not available
(Font)              Font shape `T1/pcr/b/sl' tried instead on input line 725.
 [17] [18] [19] [20]

Package textcomp Warning: Symbol \textasciigrave not provided by
(textcomp)                font family ptm in TS1 encoding.
(textcomp)                Default family used instead on input line 1171.


Package textcomp Warning: Symbol \textasciigrave not provided by
(textcomp)                font family ptm in TS1 encoding.
(textcomp)                Default family used instead on input line 1171.


Package textcomp Warning: Symbol \textasciigrave not provided by
(textcomp)                font family ptm in TS1 encoding.
(textcomp)                Default family used instead on input line 1171.


Package textcomp Warning: Symbol \textasciigrave not provided by
(textcomp)                font family ptm in TS1 encoding.
(textcomp)                Default family used instead on input line 1171.

[21]
Underfull \hbox (badness 7667) in paragraph at lines 1222--1225
[]\T1/ptm/m/n/10 If you just want to purge rows, con-sider spec-i-fy-ing the ta
-ble's pri-mary key columns with
 []

[22] [23] [24] [25] [26] [27] [28]
LaTeX Font Info:    Font shape `T1/pcr/m/it' in size <9> not available
(Font)              Font shape `T1/pcr/m/sl' tried instead on input line 1998.

Overfull \vbox (0.72583pt too high) detected at line 2014
 []

[29] [30]

Package textcomp Warning: Symbol \textasciigrave not provided by
(textcomp)                font family ptm in TS1 encoding.
(textcomp)                Default family used instead on input line 2066.


Package textcomp Warning: Symbol \textasciigrave not provided by
(textcomp)                font family ptm in TS1 encoding.
(textcomp)                Default family used instead on input line 2066.

[31] [32

]
Chapter 4.
[33] [34

]
Chapter 5.
[35] [36] [37]
Overfull \vbox (1.72577pt too high) detected at line 2352
 []

[38] [39] [40] [41] [42] [43]

Package textcomp Warning: Symbol \textasciigrave not provided by
(textcomp)                font family ptm in TS1 encoding.
(textcomp)                Default family used instead on input line 2750.


Package textcomp Warning: Symbol \textasciigrave not provided by
(textcomp)                font family ptm in TS1 encoding.
(textcomp)                Default family used instead on input line 2750.

[44]
Chapter 6.
[45

]

Package textcomp Warning: Symbol \textasciigrave not provided by
(textcomp)                font family pcr in TS1 encoding.
(textcomp)                Default family used instead on input line 2884.

LaTeX Font Info:    Trying to load font information for T1+cmtt on input line 2
884.
(/usr/share/texlive/texmf-dist/tex/latex/base/t1cmtt.fd
File: t1cmtt.fd 2019/12/16 v2.5j Standard LaTeX font definitions
)
LaTeX Font Info:    Trying to load font information for TS1+cmtt on input line 
2884.

(/usr/share/texlive/texmf-dist/tex/latex/base/ts1cmtt.fd
File: ts1cmtt.fd 2019/12/16 v2.5j Standard LaTeX font definitions
)

Package textcomp Warning: Symbol \textasciigrave not provided by
(textcomp)                font family pcr in TS1 encoding.
(textcomp)                Default family used instead on input line 2884.


Package textcomp Warning: Symbol \textasciigrave not provided by
(textcomp)                font family pcr in TS1 encoding.
(textcomp)                Default family used instead on input line 2885.


Package textcomp Warning: Symbol \textasciigrave not provided by
(textcomp)                font family pcr in TS1 encoding.
(textcomp)                Default family used instead on input line 2885.


Package textcomp Warning: Symbol \textasciigrave not provided by
(textcomp)                font family pcr in TS1 encoding.
(textcomp)                Default family used instead on input line 2885.


Package textcomp Warning: Symbol \textasciigrave not provided by
(textcomp)                font family pcr in TS1 encoding.
(textcomp)                Default family used instead on input line 2885.


Package textcomp Warning: Symbol \textasciigrave not provided by
(textcomp)                font family pcr in TS1 encoding.
(textcomp)                Default family used instead on input line 2885.


Package textcomp Warning: Symbol \textasciigrave not provided by
(textcomp)                font family pcr in TS1 encoding.
(textcomp)                Default family used instead on input line 2885.

[46] [47] [48] [49]

Package textcomp Warning: Symbol \textasciigrave not provided by
(textcomp)                font family ptm in TS1 encoding.
(textcomp)                Default family used instead on input line 3283.


Package textcomp Warning: Symbol \textasciigrave not provided by
(textcomp)                font family ptm in TS1 encoding.
(textcomp)                Default family used instead on input line 3283.

[50]
Chapter 7.
[51

] [52] [53] [54] [55] [56] [57] [58]

Package textcomp Warning: Symbol \textasciigrave not provided by
(textcomp)                font family ptm in TS1 encoding.
(textcomp)                Default family used instead on input line 4008.


Package textcomp Warning: Symbol \textasciigrave not provided by
(textcomp)                font family ptm in TS1 encoding.
(textcomp)                Default family used instead on input line 4008.

[59] [60

]
Chapter 8.
[61] [62]

Package textcomp Warning: Symbol \textasciigrave not provided by
(textcomp)                font family pcr in TS1 encoding.
(textcomp)                Default family used instead on input line 1.


Package textcomp Warning: Symbol \textasciigrave not provided by
(textcomp)                font family pcr in TS1 encoding.
(textcomp)                Default family used instead on input line 1.


Package textcomp Warning: Symbol \textasciigrave not provided by
(textcomp)                font family pcr in TS1 encoding.
(textcomp)                Default family used instead on input line 1.


Package textcomp Warning: Symbol \textasciigrave not provided by
(textcomp)                font family pcr in TS1 encoding.
(textcomp)                Default family used instead on input line 1.

[63] [64] [65] [66] [67] [68] [69] [70] [71] [72] [73]

Package textcomp Warning: Symbol \textasciigrave not provided by
(textcomp)                font family ptm in TS1 encoding.
(textcomp)                Default family used instead on input line 5283.


Package textcomp Warning: Symbol \textasciigrave not provided by
(textcomp)                font family ptm in TS1 encoding.
(textcomp)                Default family used instead on input line 5283.

[74]
Chapter 9.
[75

] [76] [77] [78]
Underfull \hbox (badness 10000) in paragraph at lines 5554--5555
[]\T1/ptm/m/n/10 mysqldump par-ti-tions to files \T1/ptm/b/n/10 in the cur-rent
 di-rec-tory \T1/ptm/m/n/10 named like
 []

[79]

Package textcomp Warning: Symbol \textasciigrave not provided by
(textcomp)                font family ptm in TS1 encoding.
(textcomp)                Default family used instead on input line 5662.


Package textcomp Warning: Symbol \textasciigrave not provided by
(textcomp)                font family ptm in TS1 encoding.
(textcomp)                Default family used instead on input line 5662.

[80]
Chapter 10.
[81

] [82] [83] [84]
Underfull \hbox (badness 10000) in paragraph at lines 5933--5934
[]\T1/ptm/m/n/10 mysqldump par-ti-tions to files \T1/ptm/b/n/10 in the cur-rent
 di-rec-tory \T1/ptm/m/n/10 named like
 []

[85]

Package textcomp Warning: Symbol \textasciigrave not provided by
(textcomp)                font family ptm in TS1 encoding.
(textcomp)                Default family used instead on input line 6041.


Package textcomp Warning: Symbol \textasciigrave not provided by
(textcomp)                font family ptm in TS1 encoding.
(textcomp)                Default family used instead on input line 6041.

[86]
Chapter 11.
[87

] [88] [89]
LaTeX Font Info:    Font shape `TS1/pcr/m/it' in size <9> not available
(Font)              Font shape `TS1/pcr/m/sl' tried instead on input line 6331.



Package textcomp Warning: Symbol \textasciigrave not provided by
(textcomp)                font family pcr in TS1 encoding.
(textcomp)                Default family used instead on input line 6332.


Package textcomp Warning: Symbol \textasciigrave not provided by
(textcomp)                font family pcr in TS1 encoding.
(textcomp)                Default family used instead on input line 6332.

[90] [91] [92] [93]

Package textcomp Warning: Symbol \textasciigrave not provided by
(textcomp)                font family pcr in TS1 encoding.
(textcomp)                Default family used instead on input line 6671.


Package textcomp Warning: Symbol \textasciigrave not provided by
(textcomp)                font family pcr in TS1 encoding.
(textcomp)                Default family used instead on input line 6671.

[94] [95] [96] [97]
Underfull \vbox (badness 10000) detected at line 7050
 []


Overfull \vbox (2.68169pt too high) detected at line 7050
 []

[98] [99] [100] [101]

Package textcomp Warning: Symbol \textasciigrave not provided by
(textcomp)                font family pcr in TS1 encoding.
(textcomp)                Default family used instead on input line 7401.


Package textcomp Warning: Symbol \textasciigrave not provided by
(textcomp)                font family pcr in TS1 encoding.
(textcomp)                Default family used instead on input line 7401.

[102]
Underfull \hbox (badness 5667) in paragraph at lines 7466--7470
[]\T1/ptm/m/n/10 The de-fault ta-ble is \T1/pcr/m/n/10 mariadb_tools.query_revi
ew\T1/ptm/m/n/10 . Spec-ify database (D) and ta-ble (t)
 []

[103]

Package textcomp Warning: Symbol \textasciigrave not provided by
(textcomp)                font family pcr in TS1 encoding.
(textcomp)                Default family used instead on input line 7610.


Package textcomp Warning: Symbol \textasciigrave not provided by
(textcomp)                font family pcr in TS1 encoding.
(textcomp)                Default family used instead on input line 7610.

[104] [105]

Package textcomp Warning: Symbol \textasciigrave not provided by
(textcomp)                font family pcr in TS1 encoding.
(textcomp)                Default family used instead on input line 7749.


Package textcomp Warning: Symbol \textasciigrave not provided by
(textcomp)                font family pcr in TS1 encoding.
(textcomp)                Default family used instead on input line 7749.


Package textcomp Warning: Symbol \textasciigrave not provided by
(textcomp)                font family pcr in TS1 encoding.
(textcomp)                Default family used instead on input line 7783.


Package textcomp Warning: Symbol \textasciigrave not provided by
(textcomp)                font family pcr in TS1 encoding.
(textcomp)                Default family used instead on input line 7783.

[106]

Package textcomp Warning: Symbol \textasciigrave not provided by
(textcomp)                font family pcr in TS1 encoding.
(textcomp)                Default family used instead on input line 7820.


Package textcomp Warning: Symbol \textasciigrave not provided by
(textcomp)                font family pcr in TS1 encoding.
(textcomp)                Default family used instead on input line 7820.

[107] [108] [109] [110] [111]

Package textcomp Warning: Symbol \textasciigrave not provided by
(textcomp)                font family ptm in TS1 encoding.
(textcomp)                Default family used instead on input line 8303.


Package textcomp Warning: Symbol \textasciigrave not provided by
(textcomp)                font family ptm in TS1 encoding.
(textcomp)                Default family used instead on input line 8303.

[112] [113] [114

]
Chapter 12.
[115]
Underfull \hbox (badness 10000) in paragraph at lines 8432--8436
[]\T1/ptm/m/n/10 The tool sets \T1/pcr/m/n/10 innodb_lock_wait_timeout=1 \T1/pt
m/m/n/10 and (for Mari-aDB 5.5 and newer)
 []

[116] [117]

Package textcomp Warning: Symbol \textasciigrave not provided by
(textcomp)                font family pcr in TS1 encoding.
(textcomp)                Default family used instead on input line 8524.


Package textcomp Warning: Symbol \textasciigrave not provided by
(textcomp)                font family pcr in TS1 encoding.
(textcomp)                Default family used instead on input line 8524.


Package textcomp Warning: Symbol \textasciigrave not provided by
(textcomp)                font family pcr in TS1 encoding.
(textcomp)                Default family used instead on input line 8524.


Package textcomp Warning: Symbol \textasciigrave not provided by
(textcomp)                font family pcr in TS1 encoding.
(textcomp)                Default family used instead on input line 8524.


Package textcomp Warning: Symbol \textasciigrave not provided by
(textcomp)                font family pcr in TS1 encoding.
(textcomp)                Default family used instead on input line 8524.


Package textcomp Warning: Symbol \textasciigrave not provided by
(textcomp)                font family pcr in TS1 encoding.
(textcomp)                Default family used instead on input line 8524.


Package textcomp Warning: Symbol \textasciigrave not provided by
(textcomp)                font family pcr in TS1 encoding.
(textcomp)                Default family used instead on input line 8524.


Package textcomp Warning: Symbol \textasciigrave not provided by
(textcomp)                font family pcr in TS1 encoding.
(textcomp)                Default family used instead on input line 8524.

[118]

Package textcomp Warning: Symbol \textasciigrave not provided by
(textcomp)                font family pcr in TS1 encoding.
(textcomp)                Default family used instead on input line 8627.


Package textcomp Warning: Symbol \textasciigrave not provided by
(textcomp)                font family pcr in TS1 encoding.
(textcomp)                Default family used instead on input line 8627.


Package textcomp Warning: Symbol \textasciigrave not provided by
(textcomp)                font family pcr in TS1 encoding.
(textcomp)                Default family used instead on input line 8631.


Package textcomp Warning: Symbol \textasciigrave not provided by
(textcomp)                font family pcr in TS1 encoding.
(textcomp)                Default family used instead on input line 8631.


Package textcomp Warning: Symbol \textasciigrave not provided by
(textcomp)                font family pcr in TS1 encoding.
(textcomp)                Default family used instead on input line 8631.


Package textcomp Warning: Symbol \textasciigrave not provided by
(textcomp)                font family pcr in TS1 encoding.
(textcomp)                Default family used instead on input line 8631.

[119] [120] [121] [122]

Package textcomp Warning: Symbol \textasciigrave not provided by
(textcomp)                font family pcr in TS1 encoding.
(textcomp)                Default family used instead on input line 9104.


Package textcomp Warning: Symbol \textasciigrave not provided by
(textcomp)                font family pcr in TS1 encoding.
(textcomp)                Default family used instead on input line 9104.


Package textcomp Warning: Symbol \textasciigrave not provided by
(textcomp)                font family pcr in TS1 encoding.
(textcomp)                Default family used instead on input line 9105.


Package textcomp Warning: Symbol \textasciigrave not provided by
(textcomp)                font family pcr in TS1 encoding.
(textcomp)                Default family used instead on input line 9105.


Package textcomp Warning: Symbol \textasciigrave not provided by
(textcomp)                font family pcr in TS1 encoding.
(textcomp)                Default family used instead on input line 9106.


Package textcomp Warning: Symbol \textasciigrave not provided by
(textcomp)                font family pcr in TS1 encoding.
(textcomp)                Default family used instead on input line 9106.


Package textcomp Warning: Symbol \textasciigrave not provided by
(textcomp)                font family pcr in TS1 encoding.
(textcomp)                Default family used instead on input line 9107.


Package textcomp Warning: Symbol \textasciigrave not provided by
(textcomp)                font family pcr in TS1 encoding.
(textcomp)                Default family used instead on input line 9107.

[123] [124] [125] [126]

Package textcomp Warning: Symbol \textasciigrave not provided by
(textcomp)                font family pcr in TS1 encoding.
(textcomp)                Default family used instead on input line 9487.


Package textcomp Warning: Symbol \textasciigrave not provided by
(textcomp)                font family pcr in TS1 encoding.
(textcomp)                Default family used instead on input line 9487.


Package textcomp Warning: Symbol \textasciigrave not provided by
(textcomp)                font family pcr in TS1 encoding.
(textcomp)                Default family used instead on input line 9488.


Package textcomp Warning: Symbol \textasciigrave not provided by
(textcomp)                font family pcr in TS1 encoding.
(textcomp)                Default family used instead on input line 9488.


Package textcomp Warning: Symbol \textasciigrave not provided by
(textcomp)                font family pcr in TS1 encoding.
(textcomp)                Default family used instead on input line 9489.


Package textcomp Warning: Symbol \textasciigrave not provided by
(textcomp)                font family pcr in TS1 encoding.
(textcomp)                Default family used instead on input line 9489.


Package textcomp Warning: Symbol \textasciigrave not provided by
(textcomp)                font family pcr in TS1 encoding.
(textcomp)                Default family used instead on input line 9490.


Package textcomp Warning: Symbol \textasciigrave not provided by
(textcomp)                font family pcr in TS1 encoding.
(textcomp)                Default family used instead on input line 9490.


Package textcomp Warning: Symbol \textasciigrave not provided by
(textcomp)                font family pcr in TS1 encoding.
(textcomp)                Default family used instead on input line 9491.


Package textcomp Warning: Symbol \textasciigrave not provided by
(textcomp)                font family pcr in TS1 encoding.
(textcomp)                Default family used instead on input line 9491.

[127] [128] [129]
Underfull \hbox (badness 10000) in paragraph at lines 9729--9734
\T1/ptm/m/n/10 The file spec-i-fied by [][]\T1/pcr/m/sl/10 --plugin[][] \T1/ptm
/m/n/10 must de-fine a class (i.e. a pack-age) called
 []


Overfull \vbox (2.40607pt too high) detected at line 9882
 []

[130]
Underfull \vbox (badness 10000) detected at line 9882
 []


Overfull \vbox (2.68169pt too high) detected at line 9882
 []

[131] [132] [133] [134]
Underfull \hbox (badness 10000) in paragraph at lines 10091--10097
\T1/ptm/m/n/10 The ^^Pon-line schema change^^Q con-cept was first im-ple-mented
 by Shlomi Noach in his tool
 []


Package textcomp Warning: Symbol \textasciigrave not provided by
(textcomp)                font family ptm in TS1 encoding.
(textcomp)                Default family used instead on input line 10119.


Package textcomp Warning: Symbol \textasciigrave not provided by
(textcomp)                font family ptm in TS1 encoding.
(textcomp)                Default family used instead on input line 10119.

[135] [136

]
Chapter 13.
[137] [138]

Package textcomp Warning: Symbol \textasciigrave not provided by
(textcomp)                font family ptm in TS1 encoding.
(textcomp)                Default family used instead on input line 10311.


Package textcomp Warning: Symbol \textasciigrave not provided by
(textcomp)                font family ptm in TS1 encoding.
(textcomp)                Default family used instead on input line 10311.

[139] [140

]
Chapter 14.
[141] [142] [143] [144] [145] [146] [147] [148]

Package textcomp Warning: Symbol \textasciigrave not provided by
(textcomp)                font family pcr in TS1 encoding.
(textcomp)                Default family used instead on input line 1.


Package textcomp Warning: Symbol \textasciigrave not provided by
(textcomp)                font family pcr in TS1 encoding.
(textcomp)                Default family used instead on input line 1.

[149]

Package textcomp Warning: Symbol \textasciigrave not provided by
(textcomp)                font family ptm in TS1 encoding.
(textcomp)                Default family used instead on input line 11197.


Package textcomp Warning: Symbol \textasciigrave not provided by
(textcomp)                font family ptm in TS1 encoding.
(textcomp)                Default family used instead on input line 11197.

[150]
Chapter 15.
[151

] [152]

Package textcomp Warning: Symbol \textasciigrave not provided by
(textcomp)                font family ptm in TS1 encoding.
(textcomp)                Default family used instead on input line 11420.


Package textcomp Warning: Symbol \textasciigrave not provided by
(textcomp)                font family ptm in TS1 encoding.
(textcomp)                Default family used instead on input line 11420.

[153] [154

]
Chapter 16.
[155] [156]

Package textcomp Warning: Symbol \textasciigrave not provided by
(textcomp)                font family ptm in TS1 encoding.
(textcomp)                Default family used instead on input line 11561.


Package textcomp Warning: Symbol \textasciigrave not provided by
(textcomp)                font family ptm in TS1 encoding.
(textcomp)                Default family used instead on input line 11561.

[157] [158

]
Chapter 17.
[159] [160] [161]

Package textcomp Warning: Symbol \textasciigrave not provided by
(textcomp)                font family ptm in TS1 encoding.
(textcomp)                Default family used instead on input line 11846.


Package textcomp Warning: Symbol \textasciigrave not provided by
(textcomp)                font family ptm in TS1 encoding.
(textcomp)                Default family used instead on input line 11846.

[162]
Chapter 18.
[163

] [164] [165] [166] [167]

Package textcomp Warning: Symbol \textasciigrave not provided by
(textcomp)                font family ptm in TS1 encoding.
(textcomp)                Default family used instead on input line 12251.


Package textcomp Warning: Symbol \textasciigrave not provided by
(textcomp)                font family ptm in TS1 encoding.
(textcomp)                Default family used instead on input line 12251.

[168] [169

] [170] [171

] [172]
Chapter 19.
[173

] [174

]
Chapter 20.
[175] [176

]
Chapter 21.
[177] [178

]
Chapter 22.
[179] [180

]
Chapter 23.
[181] [182

]
Chapter 24.
[183] [184

]
Chapter 25.
[185] [186

]
Chapter 26.
[187] [188

]
Chapter 27.
[189] [190

]
Chapter 28.
[191] [192

]
Chapter 29.
[193] [194

]
Chapter 30.
[195] [196

]
Chapter 31.
[197] [198

]
Chapter 32.
[199] [200

]
Chapter 33.
[201] [202

]
Chapter 34.
[203] [204

]
Chapter 35.
[205] [206

]
Chapter 36.
[207] [208

]
Chapter 37.
[209] [210

]
Chapter 38.
[211] [212

]
Chapter 39.
[213] [214

]
Chapter 40.
[215] [216

]
Chapter 41.
[217] [218

]
Chapter 42.
[219] [220

]
Chapter 43.
[221] [222

]
Chapter 44.
[223] [224

]
Chapter 45.
[225] [226

]
Chapter 46.
[227] [228

]
Chapter 47.
[229] [230

]
Chapter 48.
[231] [232

]
Chapter 49.
[233] [234

]
Chapter 50.
[235] [236

]
Chapter 51.
[237] [238

]
Chapter 52.
[239] [240

]
Chapter 53.
[241] [242

]
Chapter 54.
[243] [244

]
Chapter 55.
[245] [246

]
Chapter 56.
[247] [248

]
Chapter 57.
[249] [250

]
Chapter 58.
[251] [252

]
Chapter 59.
[253] [254

]
Chapter 60.
[255] [256

]
Chapter 61.
[257] [258

]
Chapter 62.
[259] [260

]
Chapter 63.
[261] [262

]
Chapter 64.
[263] [264

]
Chapter 65.
[265] [266

]
Chapter 66.
[267] [268

]
Chapter 67.
[269] [270

]
Chapter 68.
[271] [272

]
Chapter 69.
[273] [274

]
Chapter 70.
[275] [276

]
Chapter 71.
[277] [278

]
Chapter 72.
[279] [280

]
Chapter 73.
[281] [282

]
Chapter 74.
[283] [284

]
Chapter 75.
[285] [286

]
Chapter 76.
[287] [288

]
Chapter 77.
[289] [290

]
Chapter 78.
[291] [292

]
Chapter 79.
[293] [294

]
Chapter 80.
[295] [296

]
Chapter 81.
[297] [298

]
Chapter 82.
[299] [300

]
Chapter 83.
[301] [302

]
Chapter 84.
[303] [304

]
Chapter 85.
[305] [306

]
Chapter 86.
[307] [308

]
Chapter 87.
[309] [310

]
Chapter 88.
[311] [312

]
Chapter 89.
[313] [314

]
Chapter 90.
[315] [316

]
Chapter 91.
[317] [318

]
Chapter 92.
[319] [320

]
Chapter 93.
[321] [322

]
Chapter 94.
[323] [324

]
Chapter 95.
[325] [326

]
Chapter 96.
[327] [328

]
Chapter 97.
[329] [330

]
Chapter 98.
[331] [332

]
Chapter 99.
[333] [334

]
Chapter 100.
[335] [336

]
Chapter 101.
[337] [338

]
Chapter 102.
[339] [340

]
Chapter 103.
[341] [342

]
Chapter 104.
[343] [344

]
Chapter 105.
[345] [346

]
Chapter 106.
[347] [348

]
Chapter 107.
[349] [350

]
Chapter 108.
[351] [352

]
Chapter 109.
[353] [354

]
Chapter 110.
[355] [356

]
Chapter 111.
[357] [358

]
Chapter 112.
[359] [360

]
Chapter 113.
[361] [362

]
Chapter 114.
[363] [364

]
Chapter 115.
[365] [366

]
Chapter 116.
[367] [368

]
Chapter 117.
[369] [370

]
Chapter 118.
[371] [372

]
Chapter 119.
[373] [374

]
Chapter 120.
[375] [376

]
Chapter 121.
[377] [378

]
Chapter 122.
[379] [380

]
Chapter 123.
[381] [382

]
Chapter 124.
[383] [384

]
Chapter 125.
[385] [386

]
Chapter 126.
[387] [388

]
Chapter 127.
[389] [390

]
Chapter 128.
[391] [392

]
Chapter 129.
[393] [394

]
Chapter 130.
[395] [396

]
Chapter 131.
[397] [398

]
Chapter 132.
[399] [400

]
Chapter 133.
[401] [402

]
Chapter 134.
[403] [404

]
Chapter 135.
[405] [406

]
Chapter 136.
[407] [408

]
Chapter 137.
[409] [410

]
Chapter 138.
[411] [412

]
Chapter 139.
[413] [414

]
Chapter 140.
[415] [416

]
Chapter 141.
[417] [418

]
Chapter 142.
[419] [420

]
Chapter 143.
[421] [422

]
Chapter 144.
[423] [424

]
Chapter 145.
[425] [426

]
Chapter 146.
(./MariaDBTools.ind [427] [428

]
Underfull \hbox (badness 10000) in paragraph at lines 9--10
[]| \T1/pcr/m/n/10 mariadb-parted command line option\T1/ptm/m/n/10 ,
 []


Underfull \hbox (badness 10000) in paragraph at lines 10--12
[]| \T1/pcr/m/n/10 mariadb-parted-fat command line
 []


Underfull \hbox (badness 10000) in paragraph at lines 13--15
[]| \T1/pcr/m/n/10 mariadb-database-summary command
 []


Underfull \hbox (badness 10000) in paragraph at lines 15--16
[]| \T1/pcr/m/n/10 mariadb-summary command line
 []


Underfull \hbox (badness 10000) in paragraph at lines 17--19
[]| \T1/pcr/m/n/10 mariadb-index-checker command line
 []


Underfull \hbox (badness 10000) in paragraph at lines 20--22
[]| \T1/pcr/m/n/10 mariadb-schema-change command line
 []


Underfull \hbox (badness 10000) in paragraph at lines 23--25
[]| \T1/pcr/m/n/10 mariadb-schema-change command line
 []


Underfull \hbox (badness 10000) in paragraph at lines 26--27
[]| \T1/pcr/m/n/10 mariadb-archiver command line
 []


Underfull \hbox (badness 10000) in paragraph at lines 30--31
[]| \T1/pcr/m/n/10 mariadb-parted command line option\T1/ptm/m/n/10 ,
 []


Underfull \hbox (badness 10000) in paragraph at lines 31--33
[]| \T1/pcr/m/n/10 mariadb-parted-fat command line
 []


Underfull \hbox (badness 10000) in paragraph at lines 34--35
[]| \T1/pcr/m/n/10 mariadb-parted command line option\T1/ptm/m/n/10 ,
 []


Underfull \hbox (badness 10000) in paragraph at lines 35--37
[]| \T1/pcr/m/n/10 mariadb-parted-fat command line
 []


Underfull \hbox (badness 10000) in paragraph at lines 38--39
[]| \T1/pcr/m/n/10 mariadb-parted command line option\T1/ptm/m/n/10 ,
 []


Underfull \hbox (badness 10000) in paragraph at lines 39--41
[]| \T1/pcr/m/n/10 mariadb-parted-fat command line
 []


Underfull \hbox (badness 10000) in paragraph at lines 42--43
[]| \T1/pcr/m/n/10 mariadb-archiver command line
 []


Underfull \hbox (badness 10000) in paragraph at lines 44--45
[]| \T1/pcr/m/n/10 mariadb-archiver command line
 []


Underfull \hbox (badness 10000) in paragraph at lines 45--47
[]| \T1/pcr/m/n/10 mariadb-database-summary command
 []


Underfull \hbox (badness 10000) in paragraph at lines 47--49
[]| \T1/pcr/m/n/10 mariadb-index-checker command line
 []


Underfull \hbox (badness 10000) in paragraph at lines 50--52
[]| \T1/pcr/m/n/10 mariadb-query-digest command line
 []


Underfull \hbox (badness 10000) in paragraph at lines 52--54
[]| \T1/pcr/m/n/10 mariadb-schema-change command line
 []


Underfull \hbox (badness 10000) in paragraph at lines 54--55
[]| \T1/pcr/m/n/10 mariadb-stat command line option\T1/ptm/m/n/10 ,
 []


Underfull \hbox (badness 10000) in paragraph at lines 55--56
[]| \T1/pcr/m/n/10 mariadb-summary command line
 []


Underfull \hbox (badness 10000) in paragraph at lines 57--59
[]| \T1/pcr/m/n/10 mariadb-query-digest command line
 []


Underfull \hbox (badness 10000) in paragraph at lines 60--62
[]| \T1/pcr/m/n/10 mariadb-query-digest command line
 []


Underfull \hbox (badness 10000) in paragraph at lines 63--64
[]| \T1/pcr/m/n/10 mariadb-stacktrace command line
 []


Underfull \hbox (badness 10000) in paragraph at lines 65--66
[]| \T1/pcr/m/n/10 mariadb-archiver command line
 []


Underfull \hbox (badness 10000) in paragraph at lines 67--68
[]| \T1/pcr/m/n/10 mariadb-archiver command line
 []


Underfull \hbox (badness 10000) in paragraph at lines 69--70
[]| \T1/pcr/m/n/10 mariadb-archiver command line
 []


Underfull \hbox (badness 10000) in paragraph at lines 73--74
[]| \T1/pcr/m/n/10 mariadb-archiver command line
 []


Underfull \hbox (badness 10000) in paragraph at lines 74--76
[]| \T1/pcr/m/n/10 mariadb-schema-change command line
 []

[429

]
Underfull \hbox (badness 10000) in paragraph at lines 77--78
[]| \T1/pcr/m/n/10 mariadb-archiver command line
 []


Underfull \hbox (badness 10000) in paragraph at lines 78--80
[]| \T1/pcr/m/n/10 mariadb-index-checker command line
 []


Underfull \hbox (badness 10000) in paragraph at lines 81--83
[]| \T1/pcr/m/n/10 mariadb-query-digest command line
 []


Underfull \hbox (badness 10000) in paragraph at lines 83--85
[]| \T1/pcr/m/n/10 mariadb-schema-change command line
 []


Underfull \hbox (badness 10000) in paragraph at lines 86--87
[]| \T1/pcr/m/n/10 mariadb-archiver command line
 []


Underfull \hbox (badness 10000) in paragraph at lines 87--89
[]| \T1/pcr/m/n/10 mariadb-schema-change command line
 []


Underfull \hbox (badness 10000) in paragraph at lines 90--91
[]| \T1/pcr/m/n/10 mariadb-archiver command line
 []


Underfull \hbox (badness 10000) in paragraph at lines 91--93
[]| \T1/pcr/m/n/10 mariadb-schema-change command line
 []


Underfull \hbox (badness 10000) in paragraph at lines 94--96
[]| \T1/pcr/m/n/10 mariadb-schema-change command line
 []


Underfull \hbox (badness 10000) in paragraph at lines 97--99
[]| \T1/pcr/m/n/10 mariadb-schema-change command line
 []


Underfull \hbox (badness 10000) in paragraph at lines 100--102
[]| \T1/pcr/m/n/10 mariadb-schema-change command line
 []


Underfull \hbox (badness 10000) in paragraph at lines 103--105
[]| \T1/pcr/m/n/10 mariadb-schema-change command line
 []


Underfull \hbox (badness 10000) in paragraph at lines 106--108
[]| \T1/pcr/m/n/10 mariadb-schema-change command line
 []


Underfull \hbox (badness 10000) in paragraph at lines 109--110
[]| \T1/pcr/m/n/10 mariadb-stat command line option\T1/ptm/m/n/10 ,
 []


Underfull \hbox (badness 10000) in paragraph at lines 111--112
[]| \T1/pcr/m/n/10 mariadb-stat command line option\T1/ptm/m/n/10 ,
 []


Underfull \hbox (badness 10000) in paragraph at lines 113--114
[]| \T1/pcr/m/n/10 mariadb-stat command line option\T1/ptm/m/n/10 ,
 []


Underfull \hbox (badness 10000) in paragraph at lines 115--116
[]| \T1/pcr/m/n/10 mariadb-stat command line option\T1/ptm/m/n/10 ,
 []


Underfull \hbox (badness 10000) in paragraph at lines 117--118
[]| \T1/pcr/m/n/10 mariadb-stat command line option\T1/ptm/m/n/10 ,
 []


Underfull \hbox (badness 10000) in paragraph at lines 119--120
[]| \T1/pcr/m/n/10 mariadb-archiver command line
 []


Underfull \hbox (badness 10000) in paragraph at lines 121--122
[]| \T1/pcr/m/n/10 mariadb-iostat command line option\T1/ptm/m/n/10 ,
 []


Underfull \hbox (badness 10000) in paragraph at lines 123--124
[]| \T1/pcr/m/n/10 mariadb-archiver command line
 []


Underfull \hbox (badness 10000) in paragraph at lines 125--126
[]| \T1/pcr/m/n/10 mariadb-archiver command line
 []


Underfull \hbox (badness 10000) in paragraph at lines 126--128
[]| \T1/pcr/m/n/10 mariadb-database-summary command
 []


Underfull \hbox (badness 10000) in paragraph at lines 128--130
[]| \T1/pcr/m/n/10 mariadb-index-checker command line
 []


Underfull \hbox (badness 10000) in paragraph at lines 130--131
[]| \T1/pcr/m/n/10 mariadb-iostat command line option\T1/ptm/m/n/10 ,
 []


Underfull \hbox (badness 10000) in paragraph at lines 132--134
[]| \T1/pcr/m/n/10 mariadb-query-digest command line
 []


Underfull \hbox (badness 10000) in paragraph at lines 134--136
[]| \T1/pcr/m/n/10 mariadb-schema-change command line
 []


Underfull \hbox (badness 10000) in paragraph at lines 136--137
[]| \T1/pcr/m/n/10 mariadb-stat command line option\T1/ptm/m/n/10 ,
 []


Underfull \hbox (badness 10000) in paragraph at lines 137--138
[]| \T1/pcr/m/n/10 mariadb-summary command line
 []


Underfull \hbox (badness 10000) in paragraph at lines 138--140
[]| \T1/pcr/m/n/10 mariadb-system-summary command
 []


Underfull \hbox (badness 10000) in paragraph at lines 143--145
[]| \T1/pcr/m/n/10 mariadb-schema-change command line
 []


Underfull \hbox (badness 10000) in paragraph at lines 146--147
[]| \T1/pcr/m/n/10 mariadb-stat command line option\T1/ptm/m/n/10 ,
 []


Underfull \hbox (badness 10000) in paragraph at lines 149--151
[]| \T1/pcr/m/n/10 mariadb-query-digest command line
 []


Underfull \hbox (badness 10000) in paragraph at lines 151--152
[]| \T1/pcr/m/n/10 mariadb-stat command line option\T1/ptm/m/n/10 ,
 []


Underfull \hbox (badness 10000) in paragraph at lines 153--155
[]| \T1/pcr/m/n/10 mariadb-schema-change command line
 []


Underfull \hbox (badness 10000) in paragraph at lines 156--157
[]| \T1/pcr/m/n/10 mariadb-archiver command line
 []


Underfull \hbox (badness 10000) in paragraph at lines 158--160
[]| \T1/pcr/m/n/10 mariadb-query-digest command line
 []


Underfull \hbox (badness 10000) in paragraph at lines 160--162
[]| \T1/pcr/m/n/10 mariadb-schema-change command line
 []


Underfull \hbox (badness 10000) in paragraph at lines 163--165
[]| \T1/pcr/m/n/10 mariadb-database-summary command
 []

[430]
Underfull \hbox (badness 10000) in paragraph at lines 165--167
[]| \T1/pcr/m/n/10 mariadb-index-checker command line
 []


Underfull \hbox (badness 10000) in paragraph at lines 167--168
[]| \T1/pcr/m/n/10 mariadb-summary command line
 []


Underfull \hbox (badness 10000) in paragraph at lines 169--171
[]| \T1/pcr/m/n/10 mariadb-schema-change command line
 []


Underfull \hbox (badness 10000) in paragraph at lines 172--174
[]| \T1/pcr/m/n/10 mariadb-database-summary command
 []


Underfull \hbox (badness 10000) in paragraph at lines 174--176
[]| \T1/pcr/m/n/10 mariadb-index-checker command line
 []


Underfull \hbox (badness 10000) in paragraph at lines 177--179
[]| \T1/pcr/m/n/10 mariadb-query-digest command line
 []


Underfull \hbox (badness 10000) in paragraph at lines 179--181
[]| \T1/pcr/m/n/10 mariadb-schema-change command line
 []


Underfull \hbox (badness 10000) in paragraph at lines 181--182
[]| \T1/pcr/m/n/10 mariadb-stat command line option\T1/ptm/m/n/10 ,
 []


Underfull \hbox (badness 10000) in paragraph at lines 182--183
[]| \T1/pcr/m/n/10 mariadb-summary command line
 []


Underfull \hbox (badness 10000) in paragraph at lines 184--185
[]| \T1/pcr/m/n/10 mariadb-archiver command line
 []


Underfull \hbox (badness 10000) in paragraph at lines 186--187
[]| \T1/pcr/m/n/10 mariadb-archiver command line
 []


Underfull \hbox (badness 10000) in paragraph at lines 187--188
[]| \T1/pcr/m/n/10 mariadb-stat command line option\T1/ptm/m/n/10 ,
 []


Underfull \hbox (badness 10000) in paragraph at lines 189--190
[]| \T1/pcr/m/n/10 mariadb-iostat command line option\T1/ptm/m/n/10 ,
 []


Underfull \hbox (badness 10000) in paragraph at lines 191--192
[]| \T1/pcr/m/n/10 mariadb-stat command line option\T1/ptm/m/n/10 ,
 []


Underfull \hbox (badness 10000) in paragraph at lines 193--194
[]| \T1/pcr/m/n/10 mariadb-stat command line option\T1/ptm/m/n/10 ,
 []


Underfull \hbox (badness 10000) in paragraph at lines 195--196
[]| \T1/pcr/m/n/10 mariadb-parted command line option\T1/ptm/m/n/10 ,
 []


Underfull \hbox (badness 10000) in paragraph at lines 196--198
[]| \T1/pcr/m/n/10 mariadb-parted-fat command line
 []


Underfull \hbox (badness 10000) in paragraph at lines 199--200
[]| \T1/pcr/m/n/10 mariadb-archiver command line
 []


Underfull \hbox (badness 10000) in paragraph at lines 200--202
[]| \T1/pcr/m/n/10 mariadb-schema-change command line
 []


Underfull \hbox (badness 10000) in paragraph at lines 205--206
[]| \T1/pcr/m/n/10 mariadb-parted command line option\T1/ptm/m/n/10 ,
 []


Underfull \hbox (badness 10000) in paragraph at lines 206--208
[]| \T1/pcr/m/n/10 mariadb-parted-fat command line
 []


Underfull \hbox (badness 10000) in paragraph at lines 209--211
[]| \T1/pcr/m/n/10 mariadb-query-digest command line
 []


Underfull \hbox (badness 10000) in paragraph at lines 212--214
[]| \T1/pcr/m/n/10 mariadb-index-checker command line
 []


Underfull \hbox (badness 10000) in paragraph at lines 215--217
[]| \T1/pcr/m/n/10 mariadb-schema-change command line
 []


Underfull \hbox (badness 10000) in paragraph at lines 220--222
[]| \T1/pcr/m/n/10 mariadb-query-digest command line
 []


Underfull \hbox (badness 10000) in paragraph at lines 223--225
[]| \T1/pcr/m/n/10 mariadb-query-digest command line
 []


Underfull \hbox (badness 10000) in paragraph at lines 226--227
[]| \T1/pcr/m/n/10 mariadb-archiver command line
 []


Underfull \hbox (badness 10000) in paragraph at lines 229--231
[]| \T1/pcr/m/n/10 mariadb-query-digest command line
 []


Underfull \hbox (badness 10000) in paragraph at lines 232--233
[]| \T1/pcr/m/n/10 mariadb-archiver command line
 []


Underfull \hbox (badness 10000) in paragraph at lines 234--236
[]| \T1/pcr/m/n/10 mariadb-schema-change command line
 []


Underfull \hbox (badness 10000) in paragraph at lines 237--239
[]| \T1/pcr/m/n/10 mariadb-schema-change command line
 []


Underfull \hbox (badness 10000) in paragraph at lines 240--241
[]| \T1/pcr/m/n/10 mariadb-stat command line option\T1/ptm/m/n/10 ,
 []


Underfull \hbox (badness 10000) in paragraph at lines 242--243
[]| \T1/pcr/m/n/10 mariadb-iostat command line option\T1/ptm/m/n/10 ,
 []


Underfull \hbox (badness 10000) in paragraph at lines 244--246
[]| \T1/pcr/m/n/10 mariadb-query-digest command line
 []


Underfull \hbox (badness 10000) in paragraph at lines 247--248
[]| \T1/pcr/m/n/10 mariadb-archiver command line
 []


Underfull \hbox (badness 10000) in paragraph at lines 249--250
[]| \T1/pcr/m/n/10 mariadb-iostat command line option\T1/ptm/m/n/10 ,
 []


Underfull \hbox (badness 10000) in paragraph at lines 251--253
[]| \T1/pcr/m/n/10 mariadb-align-output command line
 []

[431]
Underfull \hbox (badness 10000) in paragraph at lines 253--254
[]| \T1/pcr/m/n/10 mariadb-archiver command line
 []


Underfull \hbox (badness 10000) in paragraph at lines 254--256
[]| \T1/pcr/m/n/10 mariadb-database-summary command
 []


Underfull \hbox (badness 10000) in paragraph at lines 256--258
[]| \T1/pcr/m/n/10 mariadb-index-checker command line
 []


Underfull \hbox (badness 10000) in paragraph at lines 258--259
[]| \T1/pcr/m/n/10 mariadb-iostat command line option\T1/ptm/m/n/10 ,
 []


Underfull \hbox (badness 10000) in paragraph at lines 260--262
[]| \T1/pcr/m/n/10 mariadb-query-digest command line
 []


Underfull \hbox (badness 10000) in paragraph at lines 262--264
[]| \T1/pcr/m/n/10 mariadb-schema-change command line
 []


Underfull \hbox (badness 10000) in paragraph at lines 264--265
[]| \T1/pcr/m/n/10 mariadb-stacktrace command line
 []


Underfull \hbox (badness 10000) in paragraph at lines 265--266
[]| \T1/pcr/m/n/10 mariadb-stat command line option\T1/ptm/m/n/10 ,
 []


Underfull \hbox (badness 10000) in paragraph at lines 266--268
[]| \T1/pcr/m/n/10 mariadb-stat-browser command line
 []


Underfull \hbox (badness 10000) in paragraph at lines 268--270
[]| \T1/pcr/m/n/10 mariadb-status-diff command line
 []


Underfull \hbox (badness 10000) in paragraph at lines 270--271
[]| \T1/pcr/m/n/10 mariadb-summary command line
 []


Underfull \hbox (badness 10000) in paragraph at lines 271--273
[]| \T1/pcr/m/n/10 mariadb-system-summary command
 []


Underfull \hbox (badness 10000) in paragraph at lines 274--275
[]| \T1/pcr/m/n/10 mariadb-archiver command line
 []


Underfull \hbox (badness 10000) in paragraph at lines 276--278
[]| \T1/pcr/m/n/10 mariadb-query-digest command line
 []


Underfull \hbox (badness 10000) in paragraph at lines 279--280
[]| \T1/pcr/m/n/10 mariadb-archiver command line
 []


Underfull \hbox (badness 10000) in paragraph at lines 280--282
[]| \T1/pcr/m/n/10 mariadb-database-summary command
 []


Underfull \hbox (badness 10000) in paragraph at lines 282--284
[]| \T1/pcr/m/n/10 mariadb-index-checker command line
 []


Underfull \hbox (badness 10000) in paragraph at lines 285--287
[]| \T1/pcr/m/n/10 mariadb-query-digest command line
 []


Underfull \hbox (badness 10000) in paragraph at lines 287--289
[]| \T1/pcr/m/n/10 mariadb-schema-change command line
 []


Underfull \hbox (badness 10000) in paragraph at lines 289--290
[]| \T1/pcr/m/n/10 mariadb-stat command line option\T1/ptm/m/n/10 ,
 []


Underfull \hbox (badness 10000) in paragraph at lines 290--291
[]| \T1/pcr/m/n/10 mariadb-summary command line
 []


Underfull \hbox (badness 10000) in paragraph at lines 294--295
[]| \T1/pcr/m/n/10 mariadb-archiver command line
 []


Underfull \hbox (badness 10000) in paragraph at lines 296--298
[]| \T1/pcr/m/n/10 mariadb-query-digest command line
 []


Underfull \hbox (badness 10000) in paragraph at lines 301--303
[]| \T1/pcr/m/n/10 mariadb-index-checker command line
 []


Underfull \hbox (badness 10000) in paragraph at lines 306--308
[]| \T1/pcr/m/n/10 mariadb-index-checker command line
 []


Underfull \hbox (badness 10000) in paragraph at lines 313--315
[]| \T1/pcr/m/n/10 mariadb-index-checker command line
 []


Underfull \hbox (badness 10000) in paragraph at lines 318--320
[]| \T1/pcr/m/n/10 mariadb-index-checker command line
 []


Underfull \hbox (badness 10000) in paragraph at lines 323--325
[]| \T1/pcr/m/n/10 mariadb-query-digest command line
 []


Underfull \hbox (badness 10000) in paragraph at lines 326--327
[]| \T1/pcr/m/n/10 mariadb-iostat command line option\T1/ptm/m/n/10 ,
 []


Underfull \hbox (badness 10000) in paragraph at lines 328--330
[]| \T1/pcr/m/n/10 mariadb-query-digest command line
 []


Underfull \hbox (badness 10000) in paragraph at lines 330--331
[]| \T1/pcr/m/n/10 mariadb-stacktrace command line
 []


Underfull \hbox (badness 10000) in paragraph at lines 331--332
[]| \T1/pcr/m/n/10 mariadb-stat command line option\T1/ptm/m/n/10 ,
 []


Underfull \hbox (badness 10000) in paragraph at lines 333--334
[]| \T1/pcr/m/n/10 mariadb-iostat command line option\T1/ptm/m/n/10 ,
 []


Underfull \hbox (badness 10000) in paragraph at lines 334--336
[]| \T1/pcr/m/n/10 mariadb-query-digest command line
 []


Underfull \hbox (badness 10000) in paragraph at lines 336--337
[]| \T1/pcr/m/n/10 mariadb-stacktrace command line
 []


Underfull \hbox (badness 10000) in paragraph at lines 337--338
[]| \T1/pcr/m/n/10 mariadb-stat command line option\T1/ptm/m/n/10 ,
 []


Underfull \hbox (badness 10000) in paragraph at lines 339--341
[]| \T1/pcr/m/n/10 mariadb-index-checker command line
 []

[432]
Underfull \hbox (badness 10000) in paragraph at lines 348--349
[]| \T1/pcr/m/n/10 mariadb-archiver command line
 []


Underfull \hbox (badness 10000) in paragraph at lines 349--350
[]| \T1/pcr/m/n/10 mariadb-parted command line option\T1/ptm/m/n/10 ,
 []


Underfull \hbox (badness 10000) in paragraph at lines 350--352
[]| \T1/pcr/m/n/10 mariadb-parted-fat command line
 []


Underfull \hbox (badness 10000) in paragraph at lines 352--354
[]| \T1/pcr/m/n/10 mariadb-query-digest command line
 []


Underfull \hbox (badness 10000) in paragraph at lines 355--356
[]| \T1/pcr/m/n/10 mariadb-stacktrace command line
 []


Underfull \hbox (badness 10000) in paragraph at lines 357--359
[]| \T1/pcr/m/n/10 mariadb-database-summary command
 []


Underfull \hbox (badness 10000) in paragraph at lines 360--361
[]| \T1/pcr/m/n/10 mariadb-archiver command line
 []


Underfull \hbox (badness 10000) in paragraph at lines 363--365
[]| \T1/pcr/m/n/10 mariadb-query-digest command line
 []


Underfull \hbox (badness 10000) in paragraph at lines 365--366
[]| \T1/pcr/m/n/10 mariadb-stat command line option\T1/ptm/m/n/10 ,
 []


Underfull \hbox (badness 10000) in paragraph at lines 369--370
[]| \T1/pcr/m/n/10 mariadb-archiver command line
 []


Underfull \hbox (badness 10000) in paragraph at lines 371--372
[]| \T1/pcr/m/n/10 mariadb-archiver command line
 []


Underfull \hbox (badness 10000) in paragraph at lines 373--374
[]| \T1/pcr/m/n/10 mariadb-stat command line option\T1/ptm/m/n/10 ,
 []


Underfull \hbox (badness 10000) in paragraph at lines 375--376
[]| \T1/pcr/m/n/10 mariadb-stat command line option\T1/ptm/m/n/10 ,
 []


Underfull \hbox (badness 10000) in paragraph at lines 391--392
[]| \T1/pcr/m/n/10 mariadb-archiver command line
 []


Underfull \hbox (badness 10000) in paragraph at lines 392--394
[]| \T1/pcr/m/n/10 mariadb-schema-change command line
 []


Underfull \hbox (badness 10000) in paragraph at lines 395--397
[]| \T1/pcr/m/n/10 mariadb-query-digest command line
 []


Underfull \hbox (badness 10000) in paragraph at lines 398--399
[]| \T1/pcr/m/n/10 mariadb-archiver command line
 []


Underfull \hbox (badness 10000) in paragraph at lines 399--401
[]| \T1/pcr/m/n/10 mariadb-schema-change command line
 []


Underfull \hbox (badness 10000) in paragraph at lines 402--404
[]| \T1/pcr/m/n/10 mariadb-query-digest command line
 []


Underfull \hbox (badness 10000) in paragraph at lines 405--407
[]| \T1/pcr/m/n/10 mariadb-schema-change command line
 []


Underfull \hbox (badness 10000) in paragraph at lines 408--410
[]| \T1/pcr/m/n/10 mariadb-schema-change command line
 []


Underfull \hbox (badness 10000) in paragraph at lines 411--412
[]| \T1/pcr/m/n/10 mariadb-archiver command line
 []


Underfull \hbox (badness 10000) in paragraph at lines 413--414
[]| \T1/pcr/m/n/10 mariadb-archiver command line
 []


Underfull \hbox (badness 10000) in paragraph at lines 415--416
[]| \T1/pcr/m/n/10 mariadb-stat command line option\T1/ptm/m/n/10 ,
 []


Underfull \hbox (badness 10000) in paragraph at lines 417--419
[]| \T1/pcr/m/n/10 mariadb-schema-change command line
 []


Underfull \hbox (badness 10000) in paragraph at lines 420--422
[]| \T1/pcr/m/n/10 mariadb-schema-change command line
 []


Underfull \hbox (badness 10000) in paragraph at lines 423--424
[]| \T1/pcr/m/n/10 mariadb-archiver command line
 []


Underfull \hbox (badness 10000) in paragraph at lines 425--427
[]| \T1/pcr/m/n/10 mariadb-query-digest command line
 []


Underfull \hbox (badness 10000) in paragraph at lines 428--430
[]| \T1/pcr/m/n/10 mariadb-query-digest command line
 []


Underfull \hbox (badness 10000) in paragraph at lines 431--433
[]| \T1/pcr/m/n/10 mariadb-query-digest command line
 []


Underfull \hbox (badness 10000) in paragraph at lines 434--435
[]| \T1/pcr/m/n/10 mariadb-archiver command line
 []

[433]
Underfull \hbox (badness 10000) in paragraph at lines 436--437
[]| \T1/pcr/m/n/10 mariadb-parted command line option\T1/ptm/m/n/10 ,
 []


Underfull \hbox (badness 10000) in paragraph at lines 437--439
[]| \T1/pcr/m/n/10 mariadb-parted-fat command line
 []


Underfull \hbox (badness 10000) in paragraph at lines 440--441
[]| \T1/pcr/m/n/10 mariadb-archiver command line
 []


Underfull \hbox (badness 10000) in paragraph at lines 441--443
[]| \T1/pcr/m/n/10 mariadb-database-summary command
 []


Underfull \hbox (badness 10000) in paragraph at lines 443--445
[]| \T1/pcr/m/n/10 mariadb-index-checker command line
 []


Underfull \hbox (badness 10000) in paragraph at lines 446--448
[]| \T1/pcr/m/n/10 mariadb-query-digest command line
 []


Underfull \hbox (badness 10000) in paragraph at lines 448--450
[]| \T1/pcr/m/n/10 mariadb-schema-change command line
 []


Underfull \hbox (badness 10000) in paragraph at lines 450--451
[]| \T1/pcr/m/n/10 mariadb-stat command line option\T1/ptm/m/n/10 ,
 []


Underfull \hbox (badness 10000) in paragraph at lines 451--452
[]| \T1/pcr/m/n/10 mariadb-summary command line
 []


Underfull \hbox (badness 10000) in paragraph at lines 453--455
[]| \T1/pcr/m/n/10 mariadb-schema-change command line
 []


Underfull \hbox (badness 10000) in paragraph at lines 456--457
[]| \T1/pcr/m/n/10 mariadb-archiver command line
 []


Underfull \hbox (badness 10000) in paragraph at lines 457--459
[]| \T1/pcr/m/n/10 mariadb-index-checker command line
 []


Underfull \hbox (badness 10000) in paragraph at lines 460--462
[]| \T1/pcr/m/n/10 mariadb-query-digest command line
 []


Underfull \hbox (badness 10000) in paragraph at lines 462--464
[]| \T1/pcr/m/n/10 mariadb-schema-change command line
 []


Underfull \hbox (badness 10000) in paragraph at lines 464--465
[]| \T1/pcr/m/n/10 mariadb-stacktrace command line
 []


Underfull \hbox (badness 10000) in paragraph at lines 465--466
[]| \T1/pcr/m/n/10 mariadb-stat command line option\T1/ptm/m/n/10 ,
 []


Underfull \hbox (badness 10000) in paragraph at lines 467--468
[]| \T1/pcr/m/n/10 mariadb-archiver command line
 []


Underfull \hbox (badness 10000) in paragraph at lines 468--470
[]| \T1/pcr/m/n/10 mariadb-schema-change command line
 []


Underfull \hbox (badness 10000) in paragraph at lines 470--471
[]| \T1/pcr/m/n/10 mariadb-stat command line option\T1/ptm/m/n/10 ,
 []


Underfull \hbox (badness 10000) in paragraph at lines 472--473
[]| \T1/pcr/m/n/10 mariadb-archiver command line
 []


Underfull \hbox (badness 10000) in paragraph at lines 473--475
[]| \T1/pcr/m/n/10 mariadb-database-summary command
 []


Underfull \hbox (badness 10000) in paragraph at lines 475--477
[]| \T1/pcr/m/n/10 mariadb-index-checker command line
 []


Underfull \hbox (badness 10000) in paragraph at lines 478--480
[]| \T1/pcr/m/n/10 mariadb-query-digest command line
 []


Underfull \hbox (badness 10000) in paragraph at lines 480--482
[]| \T1/pcr/m/n/10 mariadb-schema-change command line
 []


Underfull \hbox (badness 10000) in paragraph at lines 482--483
[]| \T1/pcr/m/n/10 mariadb-stat command line option\T1/ptm/m/n/10 ,
 []


Underfull \hbox (badness 10000) in paragraph at lines 483--484
[]| \T1/pcr/m/n/10 mariadb-summary command line
 []


Underfull \hbox (badness 10000) in paragraph at lines 485--486
[]| \T1/pcr/m/n/10 mariadb-stat command line option\T1/ptm/m/n/10 ,
 []


Underfull \hbox (badness 10000) in paragraph at lines 487--489
[]| \T1/pcr/m/n/10 mariadb-query-digest command line
 []


Underfull \hbox (badness 10000) in paragraph at lines 490--492
[]| \T1/pcr/m/n/10 mariadb-schema-change command line
 []


Underfull \hbox (badness 10000) in paragraph at lines 493--494
[]| \T1/pcr/m/n/10 mariadb-archiver command line
 []


Underfull \hbox (badness 10000) in paragraph at lines 496--498
[]| \T1/pcr/m/n/10 mariadb-schema-change command line
 []


Underfull \hbox (badness 10000) in paragraph at lines 499--501
[]| \T1/pcr/m/n/10 mariadb-query-digest command line
 []


Underfull \hbox (badness 10000) in paragraph at lines 502--503
[]| \T1/pcr/m/n/10 mariadb-archiver command line
 []


Underfull \hbox (badness 10000) in paragraph at lines 503--505
[]| \T1/pcr/m/n/10 mariadb-query-digest command line
 []


Underfull \hbox (badness 10000) in paragraph at lines 505--507
[]| \T1/pcr/m/n/10 mariadb-schema-change command line
 []


Underfull \hbox (badness 10000) in paragraph at lines 508--509
[]| \T1/pcr/m/n/10 mariadb-archiver command line
 []


Underfull \hbox (badness 10000) in paragraph at lines 514--515
[]| \T1/pcr/m/n/10 mariadb-archiver command line
 []


Underfull \hbox (badness 10000) in paragraph at lines 516--517
[]| \T1/pcr/m/n/10 mariadb-archiver command line
 []


Underfull \hbox (badness 10000) in paragraph at lines 517--519
[]| \T1/pcr/m/n/10 mariadb-schema-change command line
 []


Underfull \hbox (badness 10000) in paragraph at lines 522--524
[]| \T1/pcr/m/n/10 mariadb-database-summary command
 []


Underfull \hbox (badness 10000) in paragraph at lines 524--525
[]| \T1/pcr/m/n/10 mariadb-summary command line
 []

[434]
Underfull \hbox (badness 10000) in paragraph at lines 525--527
[]| \T1/pcr/m/n/10 mariadb-system-summary command
 []


Underfull \hbox (badness 10000) in paragraph at lines 528--530
[]| \T1/pcr/m/n/10 mariadb-query-digest command line
 []


Underfull \hbox (badness 10000) in paragraph at lines 531--533
[]| \T1/pcr/m/n/10 mariadb-schema-change command line
 []


Underfull \hbox (badness 10000) in paragraph at lines 534--536
[]| \T1/pcr/m/n/10 mariadb-schema-change command line
 []


Underfull \hbox (badness 10000) in paragraph at lines 537--539
[]| \T1/pcr/m/n/10 mariadb-status-diff command line
 []


Underfull \hbox (badness 10000) in paragraph at lines 540--542
[]| \T1/pcr/m/n/10 mariadb-schema-change command line
 []


Underfull \hbox (badness 10000) in paragraph at lines 543--544
[]| \T1/pcr/m/n/10 mariadb-archiver command line
 []


Underfull \hbox (badness 10000) in paragraph at lines 547--549
[]| \T1/pcr/m/n/10 mariadb-query-digest command line
 []


Underfull \hbox (badness 10000) in paragraph at lines 550--552
[]| \T1/pcr/m/n/10 mariadb-query-digest command line
 []


Underfull \hbox (badness 10000) in paragraph at lines 553--555
[]| \T1/pcr/m/n/10 mariadb-query-digest command line
 []


Underfull \hbox (badness 10000) in paragraph at lines 556--558
[]| \T1/pcr/m/n/10 mariadb-query-digest command line
 []


Underfull \hbox (badness 10000) in paragraph at lines 559--560
[]| \T1/pcr/m/n/10 mariadb-stat command line option\T1/ptm/m/n/10 ,
 []


Underfull \hbox (badness 10000) in paragraph at lines 561--562
[]| \T1/pcr/m/n/10 mariadb-stat command line option\T1/ptm/m/n/10 ,
 []


Underfull \hbox (badness 10000) in paragraph at lines 563--564
[]| \T1/pcr/m/n/10 mariadb-stat command line option\T1/ptm/m/n/10 ,
 []


Underfull \hbox (badness 10000) in paragraph at lines 565--566
[]| \T1/pcr/m/n/10 mariadb-archiver command line
 []


Underfull \hbox (badness 10000) in paragraph at lines 567--569
[]| \T1/pcr/m/n/10 mariadb-query-digest command line
 []


Underfull \hbox (badness 10000) in paragraph at lines 570--571
[]| \T1/pcr/m/n/10 mariadb-archiver command line
 []


Underfull \hbox (badness 10000) in paragraph at lines 572--574
[]| \T1/pcr/m/n/10 mariadb-query-digest command line
 []


Underfull \hbox (badness 10000) in paragraph at lines 574--575
[]| \T1/pcr/m/n/10 mariadb-stat command line option\T1/ptm/m/n/10 ,
 []


Underfull \hbox (badness 10000) in paragraph at lines 576--578
[]| \T1/pcr/m/n/10 mariadb-query-digest command line
 []


Underfull \hbox (badness 10000) in paragraph at lines 579--581
[]| \T1/pcr/m/n/10 mariadb-query-digest command line
 []


Underfull \hbox (badness 10000) in paragraph at lines 582--583
[]| \T1/pcr/m/n/10 mariadb-iostat command line option\T1/ptm/m/n/10 ,
 []


Underfull \hbox (badness 10000) in paragraph at lines 584--586
[]| \T1/pcr/m/n/10 mariadb-database-summary command
 []


Underfull \hbox (badness 10000) in paragraph at lines 586--587
[]| \T1/pcr/m/n/10 mariadb-iostat command line option\T1/ptm/m/n/10 ,
 []


Underfull \hbox (badness 10000) in paragraph at lines 587--588
[]| \T1/pcr/m/n/10 mariadb-stacktrace command line
 []


Underfull \hbox (badness 10000) in paragraph at lines 588--589
[]| \T1/pcr/m/n/10 mariadb-summary command line
 []


Underfull \hbox (badness 10000) in paragraph at lines 589--591
[]| \T1/pcr/m/n/10 mariadb-system-summary command
 []


Underfull \hbox (badness 10000) in paragraph at lines 592--593
[]| \T1/pcr/m/n/10 mariadb-archiver command line
 []


Underfull \hbox (badness 10000) in paragraph at lines 595--596
[]| \T1/pcr/m/n/10 mariadb-archiver command line
 []


Underfull \hbox (badness 10000) in paragraph at lines 596--598
[]| \T1/pcr/m/n/10 mariadb-index-checker command line
 []


Underfull \hbox (badness 10000) in paragraph at lines 599--601
[]| \T1/pcr/m/n/10 mariadb-query-digest command line
 []


Underfull \hbox (badness 10000) in paragraph at lines 601--603
[]| \T1/pcr/m/n/10 mariadb-schema-change command line
 []


Underfull \hbox (badness 10000) in paragraph at lines 604--605
[]| \T1/pcr/m/n/10 mariadb-archiver command line
 []


Underfull \hbox (badness 10000) in paragraph at lines 606--608
[]| \T1/pcr/m/n/10 mariadb-query-digest command line
 []


Underfull \hbox (badness 10000) in paragraph at lines 609--610
[]| \T1/pcr/m/n/10 mariadb-iostat command line option\T1/ptm/m/n/10 ,
 []


Underfull \hbox (badness 10000) in paragraph at lines 611--612
[]| \T1/pcr/m/n/10 mariadb-iostat command line option\T1/ptm/m/n/10 ,
 []


Underfull \hbox (badness 10000) in paragraph at lines 613--615
[]| \T1/pcr/m/n/10 mariadb-query-digest command line
 []

[435]
Underfull \hbox (badness 10000) in paragraph at lines 616--618
[]| \T1/pcr/m/n/10 mariadb-schema-change command line
 []


Underfull \hbox (badness 10000) in paragraph at lines 619--620
[]| \T1/pcr/m/n/10 mariadb-archiver command line
 []


Underfull \hbox (badness 10000) in paragraph at lines 621--622
[]| \T1/pcr/m/n/10 mariadb-archiver command line
 []


Underfull \hbox (badness 10000) in paragraph at lines 623--625
[]| \T1/pcr/m/n/10 mariadb-query-digest command line
 []


Underfull \hbox (badness 10000) in paragraph at lines 625--627
[]| \T1/pcr/m/n/10 mariadb-schema-change command line
 []


Underfull \hbox (badness 10000) in paragraph at lines 628--629
[]| \T1/pcr/m/n/10 mariadb-archiver command line
 []


Underfull \hbox (badness 10000) in paragraph at lines 630--632
[]| \T1/pcr/m/n/10 mariadb-query-digest command line
 []


Underfull \hbox (badness 10000) in paragraph at lines 632--634
[]| \T1/pcr/m/n/10 mariadb-schema-change command line
 []


Underfull \hbox (badness 10000) in paragraph at lines 635--636
[]| \T1/pcr/m/n/10 mariadb-archiver command line
 []


Underfull \hbox (badness 10000) in paragraph at lines 636--638
[]| \T1/pcr/m/n/10 mariadb-database-summary command
 []


Underfull \hbox (badness 10000) in paragraph at lines 638--640
[]| \T1/pcr/m/n/10 mariadb-schema-change command line
 []


Underfull \hbox (badness 10000) in paragraph at lines 640--641
[]| \T1/pcr/m/n/10 mariadb-stat command line option\T1/ptm/m/n/10 ,
 []


Underfull \hbox (badness 10000) in paragraph at lines 641--642
[]| \T1/pcr/m/n/10 mariadb-summary command line
 []


Underfull \hbox (badness 10000) in paragraph at lines 642--644
[]| \T1/pcr/m/n/10 mariadb-system-summary command
 []


Underfull \hbox (badness 10000) in paragraph at lines 645--646
[]| \T1/pcr/m/n/10 mariadb-archiver command line
 []


Underfull \hbox (badness 10000) in paragraph at lines 647--648
[]| \T1/pcr/m/n/10 mariadb-stat command line option\T1/ptm/m/n/10 ,
 []


Underfull \hbox (badness 10000) in paragraph at lines 649--650
[]| \T1/pcr/m/n/10 mariadb-archiver command line
 []


Underfull \hbox (badness 10000) in paragraph at lines 650--652
[]| \T1/pcr/m/n/10 mariadb-database-summary command
 []


Underfull \hbox (badness 10000) in paragraph at lines 652--654
[]| \T1/pcr/m/n/10 mariadb-index-checker command line
 []


Underfull \hbox (badness 10000) in paragraph at lines 655--657
[]| \T1/pcr/m/n/10 mariadb-query-digest command line
 []


Underfull \hbox (badness 10000) in paragraph at lines 657--659
[]| \T1/pcr/m/n/10 mariadb-schema-change command line
 []


Underfull \hbox (badness 10000) in paragraph at lines 659--660
[]| \T1/pcr/m/n/10 mariadb-stat command line option\T1/ptm/m/n/10 ,
 []


Underfull \hbox (badness 10000) in paragraph at lines 660--661
[]| \T1/pcr/m/n/10 mariadb-summary command line
 []


Underfull \hbox (badness 10000) in paragraph at lines 662--663
[]| \T1/pcr/m/n/10 mariadb-archiver command line
 []


Underfull \hbox (badness 10000) in paragraph at lines 664--665
[]| \T1/pcr/m/n/10 mariadb-stat command line option\T1/ptm/m/n/10 ,
 []


Underfull \hbox (badness 10000) in paragraph at lines 666--667
[]| \T1/pcr/m/n/10 mariadb-archiver command line
 []


Underfull \hbox (badness 10000) in paragraph at lines 667--669
[]| \T1/pcr/m/n/10 mariadb-schema-change command line
 []


Underfull \hbox (badness 10000) in paragraph at lines 670--671
[]| \T1/pcr/m/n/10 mariadb-archiver command line
 []


Underfull \hbox (badness 10000) in paragraph at lines 673--674
[]| \T1/pcr/m/n/10 mariadb-summary command line
 []


Underfull \hbox (badness 10000) in paragraph at lines 674--676
[]| \T1/pcr/m/n/10 mariadb-system-summary command
 []


Underfull \hbox (badness 10000) in paragraph at lines 677--678
[]| \T1/pcr/m/n/10 mariadb-summary command line
 []


Underfull \hbox (badness 10000) in paragraph at lines 678--680
[]| \T1/pcr/m/n/10 mariadb-system-summary command
 []


Underfull \hbox (badness 10000) in paragraph at lines 681--682
[]| \T1/pcr/m/n/10 mariadb-summary command line
 []


Underfull \hbox (badness 10000) in paragraph at lines 682--684
[]| \T1/pcr/m/n/10 mariadb-system-summary command
 []


Underfull \hbox (badness 10000) in paragraph at lines 685--687
[]| \T1/pcr/m/n/10 mariadb-index-checker command line
 []


Underfull \hbox (badness 10000) in paragraph at lines 690--691
[]| \T1/pcr/m/n/10 mariadb-stat command line option\T1/ptm/m/n/10 ,
 []


Underfull \hbox (badness 10000) in paragraph at lines 692--694
[]| \T1/pcr/m/n/10 mariadb-query-digest command line
 []


Underfull \hbox (badness 10000) in paragraph at lines 695--697
[]| \T1/pcr/m/n/10 mariadb-schema-change command line
 []


Underfull \hbox (badness 10000) in paragraph at lines 698--699
[]| \T1/pcr/m/n/10 mariadb-archiver command line
 []


Underfull \hbox (badness 10000) in paragraph at lines 700--702
[]| \T1/pcr/m/n/10 mariadb-query-digest command line
 []

[436]
Underfull \hbox (badness 10000) in paragraph at lines 703--705
[]| \T1/pcr/m/n/10 mariadb-query-digest command line
 []


Underfull \hbox (badness 10000) in paragraph at lines 706--707
[]| \T1/pcr/m/n/10 mariadb-parted command line option\T1/ptm/m/n/10 ,
 []


Underfull \hbox (badness 10000) in paragraph at lines 707--709
[]| \T1/pcr/m/n/10 mariadb-parted-fat command line
 []


Underfull \hbox (badness 10000) in paragraph at lines 710--711
[]| \T1/pcr/m/n/10 mariadb-archiver command line
 []


Underfull \hbox (badness 10000) in paragraph at lines 711--713
[]| \T1/pcr/m/n/10 mariadb-database-summary command
 []


Underfull \hbox (badness 10000) in paragraph at lines 713--715
[]| \T1/pcr/m/n/10 mariadb-index-checker command line
 []


Underfull \hbox (badness 10000) in paragraph at lines 716--718
[]| \T1/pcr/m/n/10 mariadb-query-digest command line
 []


Underfull \hbox (badness 10000) in paragraph at lines 718--720
[]| \T1/pcr/m/n/10 mariadb-schema-change command line
 []


Underfull \hbox (badness 10000) in paragraph at lines 720--721
[]| \T1/pcr/m/n/10 mariadb-stat command line option\T1/ptm/m/n/10 ,
 []


Underfull \hbox (badness 10000) in paragraph at lines 721--722
[]| \T1/pcr/m/n/10 mariadb-summary command line
 []


Underfull \hbox (badness 10000) in paragraph at lines 723--724
[]| \T1/pcr/m/n/10 mariadb-stat command line option\T1/ptm/m/n/10 ,
 []


Underfull \hbox (badness 10000) in paragraph at lines 725--727
[]| \T1/pcr/m/n/10 mariadb-query-digest command line
 []


Underfull \hbox (badness 10000) in paragraph at lines 728--730
[]| \T1/pcr/m/n/10 mariadb-index-checker command line
 []


Underfull \hbox (badness 10000) in paragraph at lines 731--732
[]| \T1/pcr/m/n/10 mariadb-stat command line option\T1/ptm/m/n/10 ,
 []


Underfull \hbox (badness 10000) in paragraph at lines 733--735
[]| \T1/pcr/m/n/10 mariadb-align-output command line
 []


Underfull \hbox (badness 10000) in paragraph at lines 735--736
[]| \T1/pcr/m/n/10 mariadb-archiver command line
 []


Underfull \hbox (badness 10000) in paragraph at lines 736--738
[]| \T1/pcr/m/n/10 mariadb-database-summary command
 []


Underfull \hbox (badness 10000) in paragraph at lines 738--740
[]| \T1/pcr/m/n/10 mariadb-index-checker command line
 []


Underfull \hbox (badness 10000) in paragraph at lines 740--741
[]| \T1/pcr/m/n/10 mariadb-iostat command line option\T1/ptm/m/n/10 ,
 []


Underfull \hbox (badness 10000) in paragraph at lines 742--744
[]| \T1/pcr/m/n/10 mariadb-query-digest command line
 []


Underfull \hbox (badness 10000) in paragraph at lines 744--746
[]| \T1/pcr/m/n/10 mariadb-schema-change command line
 []


Underfull \hbox (badness 10000) in paragraph at lines 746--747
[]| \T1/pcr/m/n/10 mariadb-stacktrace command line
 []


Underfull \hbox (badness 10000) in paragraph at lines 747--748
[]| \T1/pcr/m/n/10 mariadb-stat command line option\T1/ptm/m/n/10 ,
 []


Underfull \hbox (badness 10000) in paragraph at lines 748--750
[]| \T1/pcr/m/n/10 mariadb-stat-browser command line
 []


Underfull \hbox (badness 10000) in paragraph at lines 750--752
[]| \T1/pcr/m/n/10 mariadb-status-diff command line
 []


Underfull \hbox (badness 10000) in paragraph at lines 752--753
[]| \T1/pcr/m/n/10 mariadb-summary command line
 []


Underfull \hbox (badness 10000) in paragraph at lines 753--755
[]| \T1/pcr/m/n/10 mariadb-system-summary command
 []


Underfull \hbox (badness 10000) in paragraph at lines 762--764
[]| \T1/pcr/m/n/10 mariadb-query-digest command line
 []


Underfull \hbox (badness 10000) in paragraph at lines 765--766
[]| \T1/pcr/m/n/10 mariadb-archiver command line
 []


Underfull \hbox (badness 10000) in paragraph at lines 767--768
[]| \T1/pcr/m/n/10 mariadb-archiver command line
 []


Underfull \hbox (badness 10000) in paragraph at lines 769--771
[]| \T1/pcr/m/n/10 mariadb-schema-change command line
 []


Underfull \hbox (badness 10000) in paragraph at lines 772--773
[]| \T1/pcr/m/n/10 mariadb-archiver command line
 []


Underfull \hbox (badness 10000) in paragraph at lines 774--776
[]| \T1/pcr/m/n/10 mariadb-schema-change command line
 []


Underfull \hbox (badness 10000) in paragraph at lines 777--778
[]| \T1/pcr/m/n/10 mariadb-archiver command line
 []


Underfull \hbox (badness 10000) in paragraph at lines 779--780
[]| \T1/pcr/m/n/10 mariadb-archiver command line
 []


Underfull \hbox (badness 10000) in paragraph at lines 781--783
[]| \T1/pcr/m/n/10 mariadb-schema-change command line
 []


Underfull \hbox (badness 10000) in paragraph at lines 784--786
[]| \T1/pcr/m/n/10 mariadb-schema-change command line
 []


Underfull \hbox (badness 10000) in paragraph at lines 787--789
[]| \T1/pcr/m/n/10 mariadb-schema-change command line
 []


Underfull \hbox (badness 10000) in paragraph at lines 790--792
[]| \T1/pcr/m/n/10 mariadb-schema-change command line
 []


Underfull \hbox (badness 10000) in paragraph at lines 793--795
[]| \T1/pcr/m/n/10 mariadb-index-checker command line
 []

[437]
Underfull \hbox (badness 10000) in paragraph at lines 796--798
[]| \T1/pcr/m/n/10 mariadb-query-digest command line
 []


Underfull \hbox (badness 10000) in paragraph at lines 799--801
[]| \T1/pcr/m/n/10 mariadb-query-digest command line
 []


Underfull \hbox (badness 10000) in paragraph at lines 802--804
[]| \T1/pcr/m/n/10 mariadb-query-digest command line
 []


Underfull \hbox (badness 10000) in paragraph at lines 805--807
[]| \T1/pcr/m/n/10 mariadb-schema-change command line
 []


Underfull \hbox (badness 10000) in paragraph at lines 808--810
[]| \T1/pcr/m/n/10 mariadb-schema-change command line
 []


Underfull \hbox (badness 10000) in paragraph at lines 811--813
[]| \T1/pcr/m/n/10 mariadb-schema-change command line
 []


Underfull \hbox (badness 10000) in paragraph at lines 816--818
[]| \T1/pcr/m/n/10 mariadb-query-digest command line
 []


Underfull \hbox (badness 10000) in paragraph at lines 819--820
[]| \T1/pcr/m/n/10 mariadb-archiver command line
 []


Underfull \hbox (badness 10000) in paragraph at lines 821--823
[]| \T1/pcr/m/n/10 mariadb-index-checker command line
 []


Underfull \hbox (badness 10000) in paragraph at lines 826--828
[]| \T1/pcr/m/n/10 mariadb-index-checker command line
 []


Underfull \hbox (badness 10000) in paragraph at lines 829--831
[]| \T1/pcr/m/n/10 mariadb-schema-change command line
 []


Underfull \hbox (badness 10000) in paragraph at lines 832--834
[]| \T1/pcr/m/n/10 mariadb-query-digest command line
 []


Underfull \hbox (badness 10000) in paragraph at lines 837--838
[]\T1/pcr/m/n/10 mariadb-align-output command line
 []

[438]
Underfull \hbox (badness 10000) in paragraph at lines 919--920
[]\T1/pcr/m/n/10 mariadb-database-summary command line
 []


Underfull \hbox (badness 10000) in paragraph at lines 937--938
[]\T1/pcr/m/n/10 mariadb-index-checker command line
 []

[439]
Underfull \hbox (badness 10000) in paragraph at lines 1070--1071
[]\T1/pcr/m/n/10 mariadb-query-digest command line
 []


Underfull \hbox (badness 10000) in paragraph at lines 1145--1146
[]\T1/pcr/m/n/10 mariadb-schema-change command line
 []

[440]
Underfull \hbox (badness 10000) in paragraph at lines 1287--1288
[]\T1/pcr/m/n/10 mariadb-stat-browser command line
 []

[441]
Underfull \hbox (badness 10000) in paragraph at lines 1290--1291
[]\T1/pcr/m/n/10 mariadb-status-diff command line
 []


Underfull \hbox (badness 10000) in paragraph at lines 1316--1317
[]\T1/pcr/m/n/10 mariadb-system-summary command line
 []

[442

]) (./MariaDBTools.aux)
Package rerunfilecheck Info: File `MariaDBTools.out' has not changed.
(rerunfilecheck)             Checksum: 92EAC67F42BDBF30FDEC5DEEB08DD177;502.
 ) 
Here is how much of TeX's memory you used:
 16112 strings out of 481252
 248577 string characters out of 5915888
 797674 words of memory out of 5000000
 31297 multiletter control sequences out of 15000+600000
 471735 words of font info for 115 fonts, out of 8000000 for 9000
 15 hyphenation exceptions out of 8191
 83i,12n,88p,924b,689s stack positions out of 5000i,500n,10000p,200000b,80000s
{/usr/share/texlive/texmf-dist/fonts/enc/dvips/base/8r.enc} </root/.texlive20
20/texmf-var/fonts/pk/ljfour/jknappen/ec/tcit0900.600pk> </root/.texlive2020/te
xmf-var/fonts/pk/ljfour/jknappen/ec/tctt1000.600pk> </root/.texlive2020/texmf-v
ar/fonts/pk/ljfour/jknappen/ec/tctt0900.600pk> </root/.texlive2020/texmf-var/fo
nts/pk/ljfour/jknappen/ec/tcrb1000.600pk> </root/.texlive2020/texmf-var/fonts/p
k/ljfour/jknappen/ec/tcrm1000.600pk></usr/share/texlive/texmf-dist/fonts/type1/
public/amsfonts/cm/cmmi5.pfb></usr/share/texlive/texmf-dist/fonts/type1/public/
amsfonts/cm/cmsy5.pfb></usr/share/texlive/texmf-dist/fonts/type1/urw/courier/uc
rb8a.pfb></usr/share/texlive/texmf-dist/fonts/type1/urw/courier/ucrbo8a.pfb></u
sr/share/texlive/texmf-dist/fonts/type1/urw/courier/ucrr8a.pfb></usr/share/texl
ive/texmf-dist/fonts/type1/urw/courier/ucrro8a.pfb></usr/share/texlive/texmf-di
st/fonts/type1/urw/helvetic/uhvb8a.pfb></usr/share/texlive/texmf-dist/fonts/typ
e1/urw/helvetic/uhvbo8a.pfb></usr/share/texlive/texmf-dist/fonts/type1/urw/helv
etic/uhvr8a.pfb></usr/share/texlive/texmf-dist/fonts/type1/urw/times/utmb8a.pfb
></usr/share/texlive/texmf-dist/fonts/type1/urw/times/utmr8a.pfb></usr/share/te
xlive/texmf-dist/fonts/type1/urw/times/utmri8a.pfb>
Output written on MariaDBTools.pdf (446 pages, 702916 bytes).
PDF statistics:
 4589 PDF objects out of 5155 (max. 8388607)
 4076 compressed objects within 41 object streams
 1379 named destinations out of 1440 (max. 500000)
 58 words of extra memory for PDF output out of 10000 (max. 10000000)

